#
# A fatal error has been detected by the Java Runtime Environment:
#
#  EXCEPTION_ACCESS_VIOLATION (0xc0000005) at pc=0x000007fed512657f, pid=8556, tid=0x0000000000002344
#
# JRE version: Java(TM) SE Runtime Environment (8.0_92-b14) (build 1.8.0_92-b14)
# Java VM: Java HotSpot(TM) 64-Bit Server VM (25.92-b14 mixed mode windows-amd64 compressed oops)
# Problematic frame:
# C  [ig8icd64.dll+0x45657f]
#
# Failed to write core dump. Minidumps are not enabled by default on client versions of Windows
#
# If you would like to submit a bug report, please visit:
#   http://bugreport.java.com/bugreport/crash.jsp
# The crash happened outside the Java Virtual Machine in native code.
# See problematic frame for where to report the bug.
#

---------------  T H R E A D  ---------------

Current thread (0x000000005b4b6000):  JavaThread "J3D-Renderer-1" [_thread_in_native, id=9028, stack(0x000000005fd90000,0x000000005fe90000)]

siginfo: ExceptionCode=0xc0000005, reading address 0x00000000d4380000

Registers:
RAX=0x000000005dcf8fe0, RBX=0x000000005dcad660, RCX=0x00000000d437fff8, RDX=0x0000000000000003
RSP=0x000000005fe8eea8, RBP=0x0000000007ff9c5c, RSI=0x0000000000000007, RDI=0x00000000b4398e78
R8 =0x0000000000000018, R9 =0x0000000111e7b250, R10=0x0000000000003f41, R11=0x0000000000000000
R12=0x00000000000e365e, R13=0x0000000007ff9c5c, R14=0x0000000000000000, R15=0x00000000d4380000
RIP=0x000007fed512657f, EFLAGS=0x0000000000010246

Top of Stack: (sp=0x000000005fe8eea8)
0x000000005fe8eea8:   00000000005182f6 000000005dcad660
0x000000005fe8eeb8:   0000000000000001 0000000000000000
0x000000005fe8eec8:   0000000000000000 07ff9c6307ff9c60
0x000000005fe8eed8:   0000000507ff9c5c 000000005b4b61f8
0x000000005fe8eee8:   000000006493ad50 000000005fe8f900
0x000000005fe8eef8:   0000000000000002 0000000000000000
0x000000005fe8ef08:   0000000000000001 000000005b8da4b8
0x000000005fe8ef18:   000000005b4b6000 00000000647d41b8
0x000000005fe8ef28:   0000000000000000 0000000000000041
0x000000005fe8ef38:   000000006437a527 000000005f835fa0
0x000000005fe8ef48:   000000005b4b6000 0000000007ff9c60
0x000000005fe8ef58:   0000000000000000 0000000000000000
0x000000005fe8ef68:   0000000007ff9c63 0000000007ff9c5c
0x000000005fe8ef78:   00000000bfe1b3b4 0000000000392a1f
0x000000005fe8ef88:   0000000000000028 00000000bfe1b3a0
0x000000005fe8ef98:   000000006425aa86 0000000000000000 

Instructions: (pc=0x000007fed512657f)
0x000007fed512655f:   83 c4 50 5b c3 cc cc cc cc cc cc cc cc cc cc cc
0x000007fed512656f:   cc 8b 15 96 a8 7e 00 65 48 8b 04 25 58 00 00 00
0x000007fed512657f:   f3 0f 10 51 08 48 8b 04 d0 f3 0f 10 49 04 f3 0f
0x000007fed512658f:   10 01 41 b8 18 00 00 00 4a 8b 14 00 48 ff a2 e0 


Register to memory mapping:

RAX=0x000000005dcf8fe0 is an unknown value
RBX=0x000000005dcad660 is an unknown value
RCX=
[error occurred during error reporting (printing register info), id 0xc0000005]

Stack: [0x000000005fd90000,0x000000005fe90000],  sp=0x000000005fe8eea8,  free space=1019k
Native frames: (J=compiled Java code, j=interpreted, Vv=VM code, C=native code)
C  [ig8icd64.dll+0x45657f]

Java frames: (J=compiled Java code, j=interpreted, Vv=VM code)
j  javax.media.j3d.NativePipeline.buildGA(JLjavax/media/j3d/GeometryArrayRetained;IZZFZIIII[II[II[I[D[D[F)V+0
j  javax.media.j3d.NativePipeline.buildGA(Ljavax/media/j3d/Context;Ljavax/media/j3d/GeometryArrayRetained;IZZFZIIII[II[II[I[D[D[F)V+40
j  javax.media.j3d.GeometryArrayRetained.buildGA(Ljavax/media/j3d/Canvas3D;Ljavax/media/j3d/RenderAtom;ZZFZLjavax/media/j3d/Transform3D;Ljavax/media/j3d/Transform3D;)V+178
j  javax.media.j3d.DisplayListRenderMethod.buildDisplayList(Ljavax/media/j3d/RenderMolecule;Ljavax/media/j3d/Canvas3D;)V+177
j  javax.media.j3d.RenderMolecule.updateAllPrimaryDisplayLists(Ljavax/media/j3d/Canvas3D;)V+69
j  javax.media.j3d.RenderBin.updateAllRenderMolecule(Ljavax/media/j3d/Canvas3D;)V+41
j  javax.media.j3d.Renderer.doWork(J)V+4392
j  javax.media.j3d.J3dThread.run()V+19
v  ~StubRoutines::call_stub

---------------  P R O C E S S  ---------------

Java Threads: ( => current thread )
  0x000000005b4bd000 JavaThread "J3D-InputDeviceScheduler-1" [_thread_blocked, id=6860, stack(0x0000000061470000,0x0000000061570000)]
  0x000000005b4bc000 JavaThread "J3D-SoundSchedulerUpdateThread-1" [_thread_blocked, id=4936, stack(0x00000000619c0000,0x0000000061ac0000)]
  0x000000005b4bb800 JavaThread "J3D-RenderStructureUpdateThread-1" [_thread_blocked, id=7676, stack(0x00000000618b0000,0x00000000619b0000)]
  0x000000005b4ba800 JavaThread "J3D-BehaviorScheduler-1" [_thread_blocked, id=5856, stack(0x0000000061700000,0x0000000061800000)]
  0x000000005b4ba000 JavaThread "J3D-TransformStructureUpdateThread-1" [_thread_blocked, id=6220, stack(0x00000000615b0000,0x00000000616b0000)]
  0x000000005b4b9000 JavaThread "J3D-RenderingEnvironmentStructureUpdateThread-1" [_thread_blocked, id=5776, stack(0x0000000061370000,0x0000000061470000)]
  0x000000005b4b8800 JavaThread "J3D-SoundStructureUpdateThread-1" [_thread_blocked, id=180, stack(0x0000000061140000,0x0000000061240000)]
  0x000000005b4b7800 JavaThread "J3D-GeometryStructureUpdateThread-1" [_thread_blocked, id=8040, stack(0x0000000061260000,0x0000000061360000)]
  0x000000005b4b7000 JavaThread "J3D-BehaviorStructureUpdateThread-1" [_thread_blocked, id=8508, stack(0x0000000061040000,0x0000000061140000)]
=>0x000000005b4b6000 JavaThread "J3D-Renderer-1" [_thread_in_native, id=9028, stack(0x000000005fd90000,0x000000005fe90000)]
  0x000000005b444800 JavaThread "J3D-MasterControl-1" [_thread_blocked, id=9148, stack(0x00000000600a0000,0x00000000601a0000)]
  0x000000005b743800 JavaThread "J3D-NotificationThread" [_thread_blocked, id=7980, stack(0x000000005fee0000,0x000000005ffe0000)]
  0x000000005b468800 JavaThread "J3D-TimerThread" [_thread_blocked, id=8348, stack(0x000000005fc90000,0x000000005fd90000)]
  0x000000005b7ba000 JavaThread "J3D-RenderingAttributesStructureUpdateThread" [_thread_blocked, id=8320, stack(0x000000005fae0000,0x000000005fbe0000)]
  0x000000005b374000 JavaThread "TimerQueue" daemon [_thread_blocked, id=4552, stack(0x000000005e070000,0x000000005e170000)]
  0x000000000058e800 JavaThread "DestroyJavaVM" [_thread_blocked, id=932, stack(0x00000000025c0000,0x00000000026c0000)]
  0x000000005b296800 JavaThread "AWT-EventQueue-0" [_thread_blocked, id=6780, stack(0x000000005c780000,0x000000005c880000)]
  0x000000005b225800 JavaThread "AWT-Windows" daemon [_thread_in_native, id=8420, stack(0x000000005bc10000,0x000000005bd10000)]
  0x000000005b224800 JavaThread "AWT-Shutdown" [_thread_blocked, id=4912, stack(0x000000005bb00000,0x000000005bc00000)]
  0x000000005b224000 JavaThread "Java2D Disposer" daemon [_thread_blocked, id=1988, stack(0x000000005b9a0000,0x000000005baa0000)]
  0x0000000058f23800 JavaThread "Service Thread" daemon [_thread_blocked, id=6356, stack(0x000000005ad10000,0x000000005ae10000)]
  0x0000000058e98800 JavaThread "C1 CompilerThread3" daemon [_thread_blocked, id=8224, stack(0x000000005a3c0000,0x000000005a4c0000)]
  0x0000000058e95800 JavaThread "C2 CompilerThread2" daemon [_thread_blocked, id=7272, stack(0x000000005ab50000,0x000000005ac50000)]
  0x0000000058e8e800 JavaThread "C2 CompilerThread1" daemon [_thread_blocked, id=8884, stack(0x000000005aa20000,0x000000005ab20000)]
  0x0000000058e85000 JavaThread "C2 CompilerThread0" daemon [_thread_blocked, id=6832, stack(0x000000005a8b0000,0x000000005a9b0000)]
  0x0000000058e81800 JavaThread "Attach Listener" daemon [_thread_blocked, id=8736, stack(0x000000005a700000,0x000000005a800000)]
  0x0000000058e80000 JavaThread "Signal Dispatcher" daemon [_thread_blocked, id=8332, stack(0x000000005a500000,0x000000005a600000)]
  0x0000000057edf800 JavaThread "Finalizer" daemon [_thread_blocked, id=8584, stack(0x000000005a280000,0x000000005a380000)]
  0x0000000057ed8800 JavaThread "Reference Handler" daemon [_thread_blocked, id=4872, stack(0x000000005a0e0000,0x000000005a1e0000)]

Other Threads:
  0x0000000058e32800 VMThread [stack: 0x0000000059f20000,0x000000005a020000] [id=7592]
  0x0000000058f3a800 WatcherThread [stack: 0x000000005ae80000,0x000000005af80000] [id=4792]

VM state:not at safepoint (normal execution)

VM Mutex/Monitor currently owned by a thread: None

Heap:
 PSYoungGen      total 524800K, used 98392K [0x00000000d5c00000, 0x0000000100000000, 0x0000000100000000)
  eden space 384000K, 21% used [0x00000000d5c00000,0x00000000dab63978,0x00000000ed300000)
  from space 140800K, 12% used [0x00000000f6880000,0x00000000f7932a78,0x00000000ff200000)
  to   space 153088K, 0% used [0x00000000ed300000,0x00000000ed300000,0x00000000f6880000)
 ParOldGen       total 1359360K, used 1064407K [0x0000000081400000, 0x00000000d4380000, 0x00000000d5c00000)
  object space 1359360K, 78% used [0x0000000081400000,0x00000000c2375ea0,0x00000000d4380000)
 Metaspace       used 17246K, capacity 17426K, committed 17792K, reserved 1064960K
  class space    used 2017K, capacity 2091K, committed 2176K, reserved 1048576K

Card table byte_map: [0x0000000011d50000,0x0000000012150000] byte_map_base: 0x0000000011946000

Marking Bits: (ParMarkBitMap*) 0x00000000649b64f0
 Begin Bits: [0x0000000013190000, 0x0000000015140000)
 End Bits:   [0x0000000015140000, 0x00000000170f0000)

Polling page: 0x0000000000220000

CodeCache: size=245760Kb used=5386Kb max_used=5463Kb free=240373Kb
 bounds [0x0000000002990000, 0x0000000002ef0000, 0x0000000011990000]
 total_blobs=1975 nmethods=1327 adapters=560
 compilation: enabled

Compilation events (10 events):
Event: 14.368 Thread 0x0000000058e98800 1414   !   3       javax.media.j3d.Renderer::doWork (6488 bytes)
Event: 14.396 Thread 0x0000000058e85000 1418       4       sun.awt.AppContext::getAppContext (51 bytes)
Event: 14.396 Thread 0x0000000058e85000 nmethod 1418 0x0000000002e5cbd0 code [0x0000000002e5cd00, 0x0000000002e5cd98]
Event: 14.472 Thread 0x0000000058e98800 nmethod 1414 0x0000000002e5ce50 code [0x0000000002e602e0, 0x0000000002e8ef58]
Event: 14.472 Thread 0x0000000058e98800 1416  s!   3       javax.media.j3d.MasterControl::runMonitor (1532 bytes)
Event: 14.476 Thread 0x0000000058e98800 nmethod 1416 0x0000000002ee25d0 code [0x0000000002ee2ce0, 0x0000000002ee87c8]
Event: 14.476 Thread 0x0000000058e98800 1415   !   3       javax.media.j3d.RendererStructure::getMessages (67 bytes)
Event: 14.477 Thread 0x0000000058e98800 nmethod 1415 0x0000000002c19e10 code [0x0000000002c19f80, 0x0000000002c1a528]
Event: 14.477 Thread 0x0000000058e98800 1417       3       java.util.ArrayList::toArray (60 bytes)
Event: 14.477 Thread 0x0000000058e98800 nmethod 1417 0x0000000002c2a550 code [0x0000000002c2a6e0, 0x0000000002c2ac78]

GC Heap History (10 events):
Event: 12.048 GC heap before
{Heap before GC invocations=28 (full 6):
 PSYoungGen      total 526336K, used 389388K [0x00000000d5c00000, 0x00000000ff280000, 0x0000000100000000)
  eden space 370688K, 100% used [0x00000000d5c00000,0x00000000ec600000,0x00000000ec600000)
  from space 155648K, 12% used [0x00000000ec600000,0x00000000ed843010,0x00000000f5e00000)
  to   space 150528K, 0% used [0x00000000f5f80000,0x00000000f5f80000,0x00000000ff280000)
 ParOldGen       total 918016K, used 796970K [0x0000000081400000, 0x00000000b9480000, 0x00000000d5c00000)
  object space 918016K, 86% used [0x0000000081400000,0x00000000b1e4aa48,0x00000000b9480000)
 Metaspace       used 15787K, capacity 15986K, committed 16384K, reserved 1062912K
  class space    used 1860K, capacity 1931K, committed 2048K, reserved 1048576K
Event: 12.083 GC heap after
Heap after GC invocations=28 (full 6):
 PSYoungGen      total 531968K, used 12160K [0x00000000d5c00000, 0x00000000ff200000, 0x0000000100000000)
  eden space 381952K, 0% used [0x00000000d5c00000,0x00000000d5c00000,0x00000000ed100000)
  from space 150016K, 8% used [0x00000000f5f80000,0x00000000f6b60000,0x00000000ff200000)
  to   space 145920K, 0% used [0x00000000ed100000,0x00000000ed100000,0x00000000f5f80000)
 ParOldGen       total 918016K, used 815598K [0x0000000081400000, 0x00000000b9480000, 0x00000000d5c00000)
  object space 918016K, 88% used [0x0000000081400000,0x00000000b307ba58,0x00000000b9480000)
 Metaspace       used 15787K, capacity 15986K, committed 16384K, reserved 1062912K
  class space    used 1860K, capacity 1931K, committed 2048K, reserved 1048576K
}
Event: 12.273 GC heap before
{Heap before GC invocations=29 (full 6):
 PSYoungGen      total 531968K, used 394112K [0x00000000d5c00000, 0x00000000ff200000, 0x0000000100000000)
  eden space 381952K, 100% used [0x00000000d5c00000,0x00000000ed100000,0x00000000ed100000)
  from space 150016K, 8% used [0x00000000f5f80000,0x00000000f6b60000,0x00000000ff200000)
  to   space 145920K, 0% used [0x00000000ed100000,0x00000000ed100000,0x00000000f5f80000)
 ParOldGen       total 918016K, used 815598K [0x0000000081400000, 0x00000000b9480000, 0x00000000d5c00000)
  object space 918016K, 88% used [0x0000000081400000,0x00000000b307ba58,0x00000000b9480000)
 Metaspace       used 15787K, capacity 15986K, committed 16384K, reserved 1062912K
  class space    used 1860K, capacity 1931K, committed 2048K, reserved 1048576K
Event: 12.303 GC heap after
Heap after GC invocations=29 (full 6):
 PSYoungGen      total 527872K, used 14482K [0x00000000d5c00000, 0x00000000ff200000, 0x0000000100000000)
  eden space 381952K, 0% used [0x00000000d5c00000,0x00000000d5c00000,0x00000000ed100000)
  from space 145920K, 9% used [0x00000000ed100000,0x00000000edf24808,0x00000000f5f80000)
  to   space 140800K, 0% used [0x00000000f6880000,0x00000000f6880000,0x00000000ff200000)
 ParOldGen       total 918016K, used 827686K [0x0000000081400000, 0x00000000b9480000, 0x00000000d5c00000)
  object space 918016K, 90% used [0x0000000081400000,0x00000000b3c49a58,0x00000000b9480000)
 Metaspace       used 15787K, capacity 15986K, committed 16384K, reserved 1062912K
  class space    used 1860K, capacity 1931K, committed 2048K, reserved 1048576K
}
Event: 12.303 GC heap before
{Heap before GC invocations=30 (full 7):
 PSYoungGen      total 527872K, used 14482K [0x00000000d5c00000, 0x00000000ff200000, 0x0000000100000000)
  eden space 381952K, 0% used [0x00000000d5c00000,0x00000000d5c00000,0x00000000ed100000)
  from space 145920K, 9% used [0x00000000ed100000,0x00000000edf24808,0x00000000f5f80000)
  to   space 140800K, 0% used [0x00000000f6880000,0x00000000f6880000,0x00000000ff200000)
 ParOldGen       total 918016K, used 827686K [0x0000000081400000, 0x00000000b9480000, 0x00000000d5c00000)
  object space 918016K, 90% used [0x0000000081400000,0x00000000b3c49a58,0x00000000b9480000)
 Metaspace       used 15787K, capacity 15986K, committed 16384K, reserved 1062912K
  class space    used 1860K, capacity 1931K, committed 2048K, reserved 1048576K
Event: 13.027 GC heap after
Heap after GC invocations=30 (full 7):
 PSYoungGen      total 527872K, used 0K [0x00000000d5c00000, 0x00000000ff200000, 0x0000000100000000)
  eden space 381952K, 0% used [0x00000000d5c00000,0x00000000d5c00000,0x00000000ed100000)
  from space 145920K, 0% used [0x00000000ed100000,0x00000000ed100000,0x00000000f5f80000)
  to   space 140800K, 0% used [0x00000000f6880000,0x00000000f6880000,0x00000000ff200000)
 ParOldGen       total 1064448K, used 835271K [0x0000000081400000, 0x00000000c2380000, 0x00000000d5c00000)
  object space 1064448K, 78% used [0x0000000081400000,0x00000000b43b1f20,0x00000000c2380000)
 Metaspace       used 15787K, capacity 15986K, committed 16384K, reserved 1062912K
  class space    used 1860K, capacity 1931K, committed 2048K, reserved 1048576K
}
Event: 13.176 GC heap before
{Heap before GC invocations=31 (full 7):
 PSYoungGen      total 527872K, used 381952K [0x00000000d5c00000, 0x00000000ff200000, 0x0000000100000000)
  eden space 381952K, 100% used [0x00000000d5c00000,0x00000000ed100000,0x00000000ed100000)
  from space 145920K, 0% used [0x00000000ed100000,0x00000000ed100000,0x00000000f5f80000)
  to   space 140800K, 0% used [0x00000000f6880000,0x00000000f6880000,0x00000000ff200000)
 ParOldGen       total 1064448K, used 835271K [0x0000000081400000, 0x00000000c2380000, 0x00000000d5c00000)
  object space 1064448K, 78% used [0x0000000081400000,0x00000000b43b1f20,0x00000000c2380000)
 Metaspace       used 16007K, capacity 16210K, committed 16384K, reserved 1062912K
  class space    used 1887K, capacity 1963K, committed 2048K, reserved 1048576K
Event: 13.256 GC heap after
Heap after GC invocations=31 (full 7):
 PSYoungGen      total 524800K, used 100232K [0x00000000d5c00000, 0x0000000100000000, 0x0000000100000000)
  eden space 384000K, 0% used [0x00000000d5c00000,0x00000000d5c00000,0x00000000ed300000)
  from space 140800K, 71% used [0x00000000f6880000,0x00000000fca62280,0x00000000ff200000)
  to   space 153088K, 0% used [0x00000000ed300000,0x00000000ed300000,0x00000000f6880000)
 ParOldGen       total 1064448K, used 981621K [0x0000000081400000, 0x00000000c2380000, 0x00000000d5c00000)
  object space 1064448K, 92% used [0x0000000081400000,0x00000000bd29d4d0,0x00000000c2380000)
 Metaspace       used 16007K, capacity 16210K, committed 16384K, reserved 1062912K
  class space    used 1887K, capacity 1963K, committed 2048K, reserved 1048576K
}
Event: 13.256 GC heap before
{Heap before GC invocations=32 (full 8):
 PSYoungGen      total 524800K, used 100232K [0x00000000d5c00000, 0x0000000100000000, 0x0000000100000000)
  eden space 384000K, 0% used [0x00000000d5c00000,0x00000000d5c00000,0x00000000ed300000)
  from space 140800K, 71% used [0x00000000f6880000,0x00000000fca62280,0x00000000ff200000)
  to   space 153088K, 0% used [0x00000000ed300000,0x00000000ed300000,0x00000000f6880000)
 ParOldGen       total 1064448K, used 981621K [0x0000000081400000, 0x00000000c2380000, 0x00000000d5c00000)
  object space 1064448K, 92% used [0x0000000081400000,0x00000000bd29d4d0,0x00000000c2380000)
 Metaspace       used 16007K, capacity 16210K, committed 16384K, reserved 1062912K
  class space    used 1887K, capacity 1963K, committed 2048K, reserved 1048576K
Event: 14.212 GC heap after
Heap after GC invocations=32 (full 8):
 PSYoungGen      total 524800K, used 17098K [0x00000000d5c00000, 0x0000000100000000, 0x0000000100000000)
  eden space 384000K, 0% used [0x00000000d5c00000,0x00000000d5c00000,0x00000000ed300000)
  from space 140800K, 12% used [0x00000000f6880000,0x00000000f7932a78,0x00000000ff200000)
  to   space 153088K, 0% used [0x00000000ed300000,0x00000000ed300000,0x00000000f6880000)
 ParOldGen       total 1359360K, used 1064407K [0x0000000081400000, 0x00000000d4380000, 0x00000000d5c00000)
  object space 1359360K, 78% used [0x0000000081400000,0x00000000c2375ea0,0x00000000d4380000)
 Metaspace       used 16007K, capacity 16210K, committed 16384K, reserved 1062912K
  class space    used 1887K, capacity 1963K, committed 2048K, reserved 1048576K
}

Deoptimization events (10 events):
Event: 10.741 Thread 0x000000005b296800 Uncommon trap: reason=bimorphic action=maybe_recompile pc=0x0000000002c01824 method=java.util.HashMap.getNode(ILjava/lang/Object;)Ljava/util/HashMap$Node; @ 126
Event: 10.823 Thread 0x000000005b444800 Uncommon trap: reason=null_check action=make_not_entrant pc=0x0000000002d47b60 method=java.lang.StringCoding.deref(Ljava/lang/ThreadLocal;)Ljava/lang/Object; @ 4
Event: 10.929 Thread 0x000000005b296800 Uncommon trap: reason=unstable_if action=reinterpret pc=0x0000000002c20748 method=graphic.MarchingCubes.indexCube(Lalgebra/Grid;D)I @ 26
Event: 10.929 Thread 0x000000005b296800 Uncommon trap: reason=unstable_if action=reinterpret pc=0x0000000002c22480 method=graphic.MarchingCubes.intersectionList(ILalgebra/Grid;D)[Lalgebra/XYZ; @ 14
Event: 10.929 Thread 0x000000005b296800 Uncommon trap: reason=unstable_if action=reinterpret pc=0x0000000002c03f60 method=graphic.MarchingCubes.indexCube(Lalgebra/Grid;D)I @ 26
Event: 13.086 Thread 0x000000005b296800 Uncommon trap: reason=unstable_if action=reinterpret pc=0x0000000002dd4c1c method=algebra.Triangle.drawTriangles(Ljavax/media/j3d/BranchGroup;Ljava/util/ArrayList;)V @ 73
Event: 13.128 Thread 0x000000005b296800 Uncommon trap: reason=unstable_if action=reinterpret pc=0x0000000002bccebc method=javax.media.j3d.GeometryStripArrayRetained.setStripVertexCounts([I)V @ 14
Event: 13.151 Thread 0x000000005b296800 Uncommon trap: reason=unstable_if action=reinterpret pc=0x0000000002c25950 method=javax.media.j3d.GeometryStripArrayRetained.setStripVertexCounts([I)V @ 582
Event: 14.233 Thread 0x000000005b296800 Uncommon trap: reason=unstable_if action=reinterpret pc=0x0000000002dfcfdc method=algebra.Triangle.drawTriangles(Ljavax/media/j3d/BranchGroup;Ljava/util/ArrayList;)V @ 308
Event: 14.273 Thread 0x000000005b296800 Uncommon trap: reason=unstable_if action=reinterpret pc=0x0000000002c28980 method=javax.media.j3d.GeometryArrayRetained.setCoordinates(I[Ljavax/vecmath/Point3f;)V @ 72

Internal exceptions (10 events):
Event: 0.065 Thread 0x000000000058e800 Exception <a 'java/security/PrivilegedActionException'> (0x00000000d5c88f90) thrown at [D:\re\workspace\8-2-build-windows-amd64-cygwin\jdk8u92\6642\hotspot\src\share\vm\prims\jvm.cpp, line 1386]
Event: 0.065 Thread 0x000000000058e800 Exception <a 'java/security/PrivilegedActionException'> (0x00000000d5c891a0) thrown at [D:\re\workspace\8-2-build-windows-amd64-cygwin\jdk8u92\6642\hotspot\src\share\vm\prims\jvm.cpp, line 1386]
Event: 0.065 Thread 0x000000000058e800 Exception <a 'java/security/PrivilegedActionException'> (0x00000000d5c8cd48) thrown at [D:\re\workspace\8-2-build-windows-amd64-cygwin\jdk8u92\6642\hotspot\src\share\vm\prims\jvm.cpp, line 1386]
Event: 0.065 Thread 0x000000000058e800 Exception <a 'java/security/PrivilegedActionException'> (0x00000000d5c8cf58) thrown at [D:\re\workspace\8-2-build-windows-amd64-cygwin\jdk8u92\6642\hotspot\src\share\vm\prims\jvm.cpp, line 1386]
Event: 0.068 Thread 0x000000000058e800 Exception <a 'java/io/FileNotFoundException'> (0x00000000d5c8fdd8) thrown at [D:\re\workspace\8-2-build-windows-amd64-cygwin\jdk8u92\6642\hotspot\src\share\vm\prims\jni.cpp, line 709]
Event: 0.092 Thread 0x000000000058e800 Exception <a 'java/lang/NoSuchFieldError': method resolution failed> (0x00000000d5e03c68) thrown at [D:\re\workspace\8-2-build-windows-amd64-cygwin\jdk8u92\6642\hotspot\src\share\vm\prims\methodHandles.cpp, line 1146]
Event: 0.093 Thread 0x000000000058e800 Exception <a 'java/lang/NoSuchFieldError': method resolution failed> (0x00000000d5e11038) thrown at [D:\re\workspace\8-2-build-windows-amd64-cygwin\jdk8u92\6642\hotspot\src\share\vm\prims\methodHandles.cpp, line 1146]
Event: 0.117 Thread 0x000000000058e800 Exception <a 'java/io/FileNotFoundException'> (0x00000000d5ea5f30) thrown at [D:\re\workspace\8-2-build-windows-amd64-cygwin\jdk8u92\6642\hotspot\src\share\vm\prims\jni.cpp, line 709]
Event: 0.136 Thread 0x000000000058e800 Implicit null exception at 0x0000000002afe812 to 0x0000000002afe9d9
Event: 10.823 Thread 0x000000005b444800 Implicit null exception at 0x0000000002d4755f to 0x0000000002d47b45

Events (10 events):
Event: 14.477 Thread 0x0000000058e98800 flushing nmethod 0x0000000002c2da10
Event: 14.477 Thread 0x0000000058e98800 flushing nmethod 0x0000000002c2ee10
Event: 14.477 Thread 0x0000000058e98800 flushing nmethod 0x0000000002c35510
Event: 14.477 Thread 0x0000000058e98800 flushing nmethod 0x0000000002c40f90
Event: 14.477 Thread 0x0000000058e98800 flushing nmethod 0x0000000002c44950
Event: 14.477 Thread 0x0000000058e98800 flushing nmethod 0x0000000002c475d0
Event: 14.477 Thread 0x0000000058e98800 flushing nmethod 0x0000000002c70210
Event: 14.477 Thread 0x0000000058e98800 flushing nmethod 0x0000000002c74ed0
Event: 14.477 Thread 0x0000000058e98800 flushing nmethod 0x0000000002c76210
Event: 14.477 Thread 0x0000000058e98800 flushing nmethod 0x0000000002c769d0


Dynamic libraries:
0x000000013fd50000 - 0x000000013fd87000 	C:\Program Files\Java\jre1.8.0_92\bin\javaw.exe
0x0000000077400000 - 0x00000000775ab000 	C:\Windows\SYSTEM32\ntdll.dll
0x00000000771e0000 - 0x00000000772ff000 	C:\Windows\system32\kernel32.dll
0x000007fefd360000 - 0x000007fefd3ca000 	C:\Windows\system32\KERNELBASE.dll
0x000007fefd540000 - 0x000007fefd61b000 	C:\Windows\system32\ADVAPI32.dll
0x000007fefd620000 - 0x000007fefd6bf000 	C:\Windows\system32\msvcrt.dll
0x000007fefd500000 - 0x000007fefd51f000 	C:\Windows\SYSTEM32\sechost.dll
0x000007fefd730000 - 0x000007fefd85d000 	C:\Windows\system32\RPCRT4.dll
0x0000000077300000 - 0x00000000773fa000 	C:\Windows\system32\USER32.dll
0x000007fefd6c0000 - 0x000007fefd727000 	C:\Windows\system32\GDI32.dll
0x000007fefde40000 - 0x000007fefde4e000 	C:\Windows\system32\LPK.dll
0x000007fefe060000 - 0x000007fefe12a000 	C:\Windows\system32\USP10.dll
0x000007fefb780000 - 0x000007fefb974000 	C:\Windows\WinSxS\amd64_microsoft.windows.common-controls_6595b64144ccf1df_6.0.7601.18837_none_fa3b1e3d17594757\COMCTL32.dll
0x000007fefdac0000 - 0x000007fefdb31000 	C:\Windows\system32\SHLWAPI.dll
0x000007fefe950000 - 0x000007fefe97e000 	C:\Windows\system32\IMM32.DLL
0x000007fefdb40000 - 0x000007fefdc49000 	C:\Windows\system32\MSCTF.dll
0x000007fefd070000 - 0x000007fefd0a2000 	C:\Windows\system32\nvinitx.dll
0x000007fefd060000 - 0x000007fefd06c000 	C:\Windows\system32\VERSION.dll
0x00000000748e0000 - 0x00000000748e6000 	C:\Program Files\NVIDIA Corporation\CoProcManager\detoured.dll
0x000007fefa640000 - 0x000007fefa678000 	C:\Program Files\NVIDIA Corporation\CoProcManager\nvd3d9wrapx.dll
0x000007fefd8e0000 - 0x000007fefdab7000 	C:\Windows\system32\SETUPAPI.dll
0x000007fefd480000 - 0x000007fefd4b6000 	C:\Windows\system32\CFGMGR32.dll
0x000007fefe540000 - 0x000007fefe618000 	C:\Windows\system32\OLEAUT32.dll
0x000007fefde50000 - 0x000007fefe053000 	C:\Windows\system32\ole32.dll
0x000007fefd190000 - 0x000007fefd1aa000 	C:\Windows\system32\DEVOBJ.dll
0x000007fefa610000 - 0x000007fefa634000 	C:\Program Files\NVIDIA Corporation\CoProcManager\nvdxgiwrapx.dll
0x0000000061fd0000 - 0x00000000620a2000 	C:\Program Files\Java\jre1.8.0_92\bin\msvcr100.dll
0x00000000641a0000 - 0x0000000064a36000 	C:\Program Files\Java\jre1.8.0_92\bin\server\jvm.dll
0x000007fef6a90000 - 0x000007fef6a99000 	C:\Windows\system32\WSOCK32.dll
0x000007fefddf0000 - 0x000007fefde3d000 	C:\Windows\system32\WS2_32.dll
0x000007fefdc50000 - 0x000007fefdc58000 	C:\Windows\system32\NSI.dll
0x000007fefa990000 - 0x000007fefa9cb000 	C:\Windows\system32\WINMM.dll
0x00000000775c0000 - 0x00000000775c7000 	C:\Windows\system32\PSAPI.DLL
0x000000006f560000 - 0x000000006f56f000 	C:\Program Files\Java\jre1.8.0_92\bin\verify.dll
0x000000006f270000 - 0x000000006f299000 	C:\Program Files\Java\jre1.8.0_92\bin\java.dll
0x000000006eb30000 - 0x000000006eb46000 	C:\Program Files\Java\jre1.8.0_92\bin\zip.dll
0x000007fefe980000 - 0x000007feff70c000 	C:\Windows\system32\SHELL32.dll
0x000007fefd150000 - 0x000007fefd15f000 	C:\Windows\system32\profapi.dll
0x000000005af80000 - 0x000000005b118000 	C:\Program Files\Java\jre1.8.0_92\bin\awt.dll
0x000007fefb2f0000 - 0x000007fefb308000 	C:\Windows\system32\DWMAPI.DLL
0x000007fefb6d0000 - 0x000007fefb726000 	C:\Windows\system32\uxtheme.dll
0x000007fefcf90000 - 0x000007fefcf9f000 	C:\Windows\system32\CRYPTBASE.dll
0x000000006c9e0000 - 0x000000006ca27000 	C:\Program Files\Java\jre1.8.0_92\bin\fontmanager.dll
0x000000006d9d0000 - 0x000000006d9ea000 	C:\Program Files\Java\jre1.8.0_92\bin\net.dll
0x000007fefc8d0000 - 0x000007fefc925000 	C:\Windows\system32\mswsock.dll
0x000007fefc8c0000 - 0x000007fefc8c7000 	C:\Windows\System32\wship6.dll
0x000000006d9b0000 - 0x000000006d9c1000 	C:\Program Files\Java\jre1.8.0_92\bin\nio.dll
0x0000000066c30000 - 0x0000000066c72000 	C:\Program Files\Java\jre1.8.0_92\bin\t2k.dll
0x000007fefe4a0000 - 0x000007fefe539000 	C:\Windows\system32\CLBCatQ.DLL
0x000007fefb070000 - 0x000007fefb1d1000 	C:\Windows\system32\WindowsCodecs.dll
0x000007fefcf30000 - 0x000007fefcf87000 	C:\Windows\system32\apphelp.dll
0x000000006f090000 - 0x000000006f18c000 	C:\Program Files\AVAST Software\Avast\ashShA64.dll
0x000007fefb4b0000 - 0x000007fefb6c6000 	C:\Windows\WinSxS\amd64_microsoft.windows.gdiplus_6595b64144ccf1df_1.1.7601.23407_none_14556c1e8b95d0b8\gdiplus.dll
0x000007fefc350000 - 0x000007fefc361000 	C:\Windows\system32\WTSAPI32.dll
0x000007fefd1c0000 - 0x000007fefd32d000 	C:\Windows\system32\CRYPT32.dll
0x000007fefd140000 - 0x000007fefd14f000 	C:\Windows\system32\MSASN1.dll
0x000007fef4b70000 - 0x000007fef4b73000 	C:\Windows\system32\api-ms-win-core-synch-l1-2-0.DLL
0x000007fef4850000 - 0x000007fef4b6e000 	C:\Windows\system32\msi.dll
0x000007fef4810000 - 0x000007fef4845000 	C:\Windows\system32\EhStorShell.dll
0x000007fefbbf0000 - 0x000007fefbd1c000 	C:\Windows\system32\PROPSYS.dll
0x000007fef4790000 - 0x000007fef480e000 	C:\Windows\System32\cscui.dll
0x000007fef4740000 - 0x000007fef474c000 	C:\Windows\System32\CSCDLL.dll
0x000007fef4730000 - 0x000007fef473f000 	C:\Windows\system32\CSCAPI.dll
0x000007fef46b0000 - 0x000007fef4730000 	C:\Windows\system32\ntshrui.dll
0x000007fefcca0000 - 0x000007fefccc3000 	C:\Windows\system32\srvcli.dll
0x000007fefa9f0000 - 0x000007fefa9fb000 	C:\Windows\system32\slc.dll
0x00000000748a0000 - 0x00000000748a7000 	C:\Program Files\Java\jre1.8.0_92\bin\jawt.dll
0x0000000000510000 - 0x000000000054e000 	C:\Program Files\Java\Java3D\1.5.2\bin\j3dcore-ogl.dll
0x000007fedc3f0000 - 0x000007fedc50d000 	C:\Windows\system32\OPENGL32.dll
0x000007fedc7f0000 - 0x000007fedc81d000 	C:\Windows\system32\GLU32.dll
0x000007feefd80000 - 0x000007feefe71000 	C:\Windows\system32\DDRAW.dll
0x000007fefb220000 - 0x000007fefb228000 	C:\Windows\system32\DCIMAN32.dll
0x000007fefd4c0000 - 0x000007fefd4fb000 	C:\Windows\system32\WINTRUST.dll
0x000007fed4cd0000 - 0x000007fed59bc000 	C:\Windows\system32\ig8icd64.dll
0x000007fef2940000 - 0x000007fef3366000 	C:\Windows\system32\igdusc64.dll
0x000007fef57e0000 - 0x000007fef5905000 	C:\Windows\system32\dbghelp.dll

VM Arguments:
jvm_args: -Dfile.encoding=Cp1252 
java_command: Main
java_class_path (initial): C:\Users\maxime\workspace\3D Modelizer\bin;C:\Program Files\Java\Java3D\1.5.2\lib\ext\j3dcore.jar;C:\Program Files\Java\Java3D\1.5.2\lib\ext\j3dutils.jar;C:\Program Files\Java\Java3D\1.5.2\lib\ext\vecmath.jar;C:\Users\maxime\Documents\Mon Travail\eclipse-java-mars-2-win32-x86_64\eclipse\dropins\plugins\ij.jar;C:\Users\maxime\Documents\Mon Travail\eclipse-java-mars-2-win32-x86_64\eclipse\dropins\plugins\jai_core-1.1.3.jar;C:\Users\maxime\Documents\Mon Travail\eclipse-java-mars-2-win32-x86_64\eclipse\dropins\plugins\jai_windows-i586.jar
Launcher Type: SUN_STANDARD

Environment Variables:
PATH=C:/Program Files/Java/jre1.8.0_92/bin/server;C:/Program Files/Java/jre1.8.0_92/bin;C:/Program Files/Java/jre1.8.0_92/lib/amd64;C:\ProgramData\Oracle\Java\javapath;C:\Program Files (x86)\Intel\iCLS Client\;C:\Program Files\Intel\iCLS Client\;C:\Windows\system32;C:\Windows;C:\Windows\System32\Wbem;C:\Windows\System32\WindowsPowerShell\v1.0\;C:\Program Files\Intel\Intel(R) Management Engine Components\DAL;C:\Program Files (x86)\Intel\Intel(R) Management Engine Components\DAL;C:\Program Files\Intel\Intel(R) Management Engine Components\IPT;C:\Program Files (x86)\Intel\Intel(R) Management Engine Components\IPT;C:\Program Files\Intel\WiFi\bin\;C:\Program Files\Common Files\Intel\WirelessCommon\;C:\Program Files (x86)\NVIDIA Corporation\PhysX\Common;C:\Program Files (x86)\Skype\Phone\;C:\Program Files\MATLAB\MATLAB Production Server\R2015a\runtime\win64;C:\Program Files\MATLAB\MATLAB Production Server\R2015a\bin;C:\Program Files\MATLAB\MATLAB Production Server\R2015a\polyspace\bin;C:\Program Files\MiKTeX 2.9\miktex\bin\x64\;C:\Program Files (x86)\GtkSharp\2.12\bin;C:\Program Files\Intel\WiFi\bin\;C:\Program Files\Common Files\Intel\WirelessCommon\;C:\Program Files\Java\jdk1.8.0_92\bin;C:\Program Files\WinCaml5\caml-light\bin;C:\Program Files\Java\Java3D\1.5.2\bin;C:\Users\maxime\Documents\Mon Travail\eclipse-java-mars-2-win32-x86_64\eclipse;
USERNAME=maxime
OS=Windows_NT
PROCESSOR_IDENTIFIER=Intel64 Family 6 Model 71 Stepping 1, GenuineIntel



---------------  S Y S T E M  ---------------

OS: Windows 7 , 64 bit Build 7601 (6.1.7601.23455)

CPU:total 8 (4 cores per cpu, 2 threads per core) family 6 model 71 stepping 1, cmov, cx8, fxsr, mmx, sse, sse2, sse3, ssse3, sse4.1, sse4.2, popcnt, avx, avx2, aes, clmul, erms, 3dnowpref, lzcnt, ht, tsc, tscinvbit, bmi1, bmi2, adx

Memory: 4k page, physical 8301280k(1583732k free), swap 16600700k(8329964k free)

vm_info: Java HotSpot(TM) 64-Bit Server VM (25.92-b14) for windows-amd64 JRE (1.8.0_92-b14), built on Mar 31 2016 21:03:04 by "java_re" with MS VC++ 10.0 (VS2010)

time: Wed Jul 27 15:44:55 2016
elapsed time: 15 seconds (0d 0h 0m 15s)

