#
# A fatal error has been detected by the Java Runtime Environment:
#
#  EXCEPTION_ACCESS_VIOLATION (0xc0000005) at pc=0x000007fed4673a4f, pid=4548, tid=0x0000000000001d64
#
# JRE version: Java(TM) SE Runtime Environment (8.0_92-b14) (build 1.8.0_92-b14)
# Java VM: Java HotSpot(TM) 64-Bit Server VM (25.92-b14 mixed mode windows-amd64 compressed oops)
# Problematic frame:
# C  [ig8icd64.dll+0x463a4f]
#
# Failed to write core dump. Minidumps are not enabled by default on client versions of Windows
#
# If you would like to submit a bug report, please visit:
#   http://bugreport.java.com/bugreport/crash.jsp
# The crash happened outside the Java Virtual Machine in native code.
# See problematic frame for where to report the bug.
#

---------------  T H R E A D  ---------------

Current thread (0x0000000058d36800):  JavaThread "J3D-Renderer-1" [_thread_in_native, id=7524, stack(0x000000005f2e0000,0x000000005f3e0000)]

siginfo: ExceptionCode=0xc0000005, reading address 0x00000000ff700004

Registers:
RAX=0x000000005d558fe0, RBX=0x000000005d52d660, RCX=0x00000000ff6ffffc, RDX=0x0000000000000003
RSP=0x000000005f3def08, RBP=0x000000000a13e53e, RSI=0x0000000000000007, RDI=0x00000000d7206ae8
R8 =0x0000000000000018, R9 =0x000000011b226400, R10=0x0000000000003f41, R11=0x0000000000000000
R12=0x00000000001d54c9, R13=0x000000000a13e53e, R14=0x0000000000000000, R15=0x00000000ff6ffff8
RIP=0x000007fed4673a4f, EFLAGS=0x0000000000010246

Top of Stack: (sp=0x000000005f3def08)
0x000000005f3def08:   0000000059c28699 000000005d52d660
0x000000005f3def18:   0000000000000001 0000000000000000
0x000000005f3def28:   0000000000000000 0a13e5450a13e542
0x000000005f3def38:   000000050a13e53e 0000000058d369f8
0x000000005f3def48:   000000006493ad50 000000005f3dfa00
0x000000005f3def58:   0000000000000002 0000000000000000
0x000000005f3def68:   0000000000000001 000000005b10c628
0x000000005f3def78:   0000000058d36800 00000000647d41b8
0x000000005f3def88:   0000000000000000 0000000000000041
0x000000005f3def98:   000000006437a527 000000005f0263b0
0x000000005f3defa8:   0000000058d36800 000000000a13e542
0x000000005f3defb8:   0000000000000000 0000000000000000
0x000000005f3defc8:   000000000a13e545 000000000a13e53e
0x000000005f3defd8:   00000000e00f8c98 0000000000392a1e
0x000000005f3defe8:   0000000000000028 00000000e00f8c80
0x000000005f3deff8:   000000006425aa86 0000000000000000 

Instructions: (pc=0x000007fed4673a4f)
0x000007fed4673a2f:   83 c4 50 5b c3 cc cc cc cc cc cc cc cc cc cc cc
0x000007fed4673a3f:   cc 8b 15 c6 d3 7d 00 65 48 8b 04 25 58 00 00 00
0x000007fed4673a4f:   f3 0f 10 51 08 48 8b 04 d0 f3 0f 10 49 04 f3 0f
0x000007fed4673a5f:   10 01 41 b8 18 00 00 00 4a 8b 14 00 48 ff a2 60 


Register to memory mapping:

RAX=0x000000005d558fe0 is an unknown value
RBX=0x000000005d52d660 is an unknown value
RCX=0x00000000ff6ffffc is an unknown value
RDX=0x0000000000000003 is an unknown value
RSP=0x000000005f3def08 is pointing into the stack for thread: 0x0000000058d36800
RBP=0x000000000a13e53e is an unknown value
RSI=0x0000000000000007 is an unknown value
RDI=0x00000000d7206ae8 is an oop

[error occurred during error reporting (printing register info), id 0xc0000005]

Stack: [0x000000005f2e0000,0x000000005f3e0000],  sp=0x000000005f3def08,  free space=1019k
Native frames: (J=compiled Java code, j=interpreted, Vv=VM code, C=native code)
C  [ig8icd64.dll+0x463a4f]

Java frames: (J=compiled Java code, j=interpreted, Vv=VM code)
j  javax.media.j3d.NativePipeline.buildGA(JLjavax/media/j3d/GeometryArrayRetained;IZZFZIIII[II[II[I[D[D[F)V+0
j  javax.media.j3d.NativePipeline.buildGA(Ljavax/media/j3d/Context;Ljavax/media/j3d/GeometryArrayRetained;IZZFZIIII[II[II[I[D[D[F)V+40
j  javax.media.j3d.GeometryArrayRetained.buildGA(Ljavax/media/j3d/Canvas3D;Ljavax/media/j3d/RenderAtom;ZZFZLjavax/media/j3d/Transform3D;Ljavax/media/j3d/Transform3D;)V+178
j  javax.media.j3d.DisplayListRenderMethod.buildDisplayList(Ljavax/media/j3d/RenderMolecule;Ljavax/media/j3d/Canvas3D;)V+177
j  javax.media.j3d.RenderMolecule.updateDisplayList(Ljavax/media/j3d/Canvas3D;)V+16
j  javax.media.j3d.RenderBin.updateDirtyDisplayLists(Ljavax/media/j3d/Canvas3D;Ljava/util/ArrayList;Ljava/util/ArrayList;Ljava/util/ArrayList;Z)V+104
j  javax.media.j3d.Renderer.doWork(J)V+4429
j  javax.media.j3d.J3dThread.run()V+19
v  ~StubRoutines::call_stub

---------------  P R O C E S S  ---------------

Java Threads: ( => current thread )
  0x0000000058d3d000 JavaThread "J3D-InputDeviceScheduler-1" [_thread_blocked, id=2676, stack(0x0000000061250000,0x0000000061350000)]
  0x0000000058d3c800 JavaThread "J3D-SoundSchedulerUpdateThread-1" [_thread_blocked, id=4940, stack(0x0000000060ca0000,0x0000000060da0000)]
  0x0000000058d3b800 JavaThread "J3D-RenderStructureUpdateThread-1" [_thread_blocked, id=6436, stack(0x0000000061030000,0x0000000061130000)]
  0x0000000058d3b000 JavaThread "J3D-BehaviorScheduler-1" [_thread_blocked, id=4872, stack(0x0000000060e00000,0x0000000060f00000)]
  0x0000000058d3a000 JavaThread "J3D-TransformStructureUpdateThread-1" [_thread_blocked, id=9140, stack(0x0000000060a60000,0x0000000060b60000)]
  0x0000000058d39800 JavaThread "J3D-RenderingEnvironmentStructureUpdateThread-1" [_thread_blocked, id=8096, stack(0x000000005f510000,0x000000005f610000)]
  0x0000000058d38800 JavaThread "J3D-SoundStructureUpdateThread-1" [_thread_blocked, id=5332, stack(0x0000000060ba0000,0x0000000060ca0000)]
  0x0000000058d38000 JavaThread "J3D-GeometryStructureUpdateThread-1" [_thread_blocked, id=8904, stack(0x00000000608d0000,0x00000000609d0000)]
  0x0000000058d37000 JavaThread "J3D-BehaviorStructureUpdateThread-1" [_thread_blocked, id=8228, stack(0x00000000607c0000,0x00000000608c0000)]
=>0x0000000058d36800 JavaThread "J3D-Renderer-1" [_thread_in_native, id=7524, stack(0x000000005f2e0000,0x000000005f3e0000)]
  0x000000005af66800 JavaThread "J3D-MasterControl-1" [_thread_blocked, id=1948, stack(0x000000005f710000,0x000000005f810000)]
  0x000000005b2b9800 JavaThread "J3D-NotificationThread" [_thread_blocked, id=6484, stack(0x000000005f610000,0x000000005f710000)]
  0x000000005b0b9800 JavaThread "J3D-TimerThread" [_thread_blocked, id=8728, stack(0x000000005f400000,0x000000005f500000)]
  0x000000005b0b8800 JavaThread "J3D-RenderingAttributesStructureUpdateThread" [_thread_blocked, id=7884, stack(0x000000005f1a0000,0x000000005f2a0000)]
  0x000000005ad66800 JavaThread "TimerQueue" daemon [_thread_blocked, id=6220, stack(0x000000005d660000,0x000000005d760000)]
  0x00000000023fe800 JavaThread "DestroyJavaVM" [_thread_blocked, id=4644, stack(0x0000000002670000,0x0000000002770000)]
  0x000000005ac60800 JavaThread "AWT-EventQueue-0" [_thread_blocked, id=8692, stack(0x000000005b830000,0x000000005b930000)]
  0x000000005abfa000 JavaThread "AWT-Windows" daemon [_thread_in_native, id=8644, stack(0x000000005b700000,0x000000005b800000)]
  0x000000005abf9800 JavaThread "AWT-Shutdown" [_thread_blocked, id=6660, stack(0x000000005b2e0000,0x000000005b3e0000)]
  0x000000005abf8800 JavaThread "Java2D Disposer" daemon [_thread_blocked, id=8964, stack(0x000000005b480000,0x000000005b580000)]
  0x0000000058dcf800 JavaThread "Service Thread" daemon [_thread_blocked, id=7272, stack(0x000000005a530000,0x000000005a630000)]
  0x0000000058d35000 JavaThread "C1 CompilerThread3" daemon [_thread_blocked, id=1364, stack(0x000000005a690000,0x000000005a790000)]
  0x0000000058d34000 JavaThread "C2 CompilerThread2" daemon [_thread_blocked, id=2140, stack(0x000000005a410000,0x000000005a510000)]
  0x0000000058d28800 JavaThread "C2 CompilerThread1" daemon [_thread_blocked, id=9212, stack(0x0000000059cd0000,0x0000000059dd0000)]
  0x0000000058d26800 JavaThread "C2 CompilerThread0" daemon [_thread_blocked, id=8456, stack(0x000000005a2d0000,0x000000005a3d0000)]
  0x0000000058d1f800 JavaThread "Attach Listener" daemon [_thread_blocked, id=7124, stack(0x000000005a1c0000,0x000000005a2c0000)]
  0x0000000058d1e800 JavaThread "Signal Dispatcher" daemon [_thread_blocked, id=8104, stack(0x000000005a040000,0x000000005a140000)]
  0x0000000057e8d800 JavaThread "Finalizer" daemon [_thread_blocked, id=5632, stack(0x0000000002400000,0x0000000002500000)]
  0x0000000057e86800 JavaThread "Reference Handler" daemon [_thread_blocked, id=4800, stack(0x0000000059f30000,0x000000005a030000)]

Other Threads:
  0x0000000058cd2800 VMThread [stack: 0x0000000059dd0000,0x0000000059ed0000] [id=5652]
  0x0000000058dd6000 WatcherThread [stack: 0x000000005a840000,0x000000005a940000] [id=8276]

VM state:not at safepoint (normal execution)

VM Mutex/Monitor currently owned by a thread: None

Heap:
 PSYoungGen      total 535552K, used 368705K [0x00000000d5c00000, 0x00000000ff700000, 0x0000000100000000)
  eden space 399360K, 88% used [0x00000000d5c00000,0x00000000eb683d58,0x00000000ee200000)
  from space 136192K, 10% used [0x00000000ee200000,0x00000000eef8c808,0x00000000f6700000)
  to   space 132608K, 0% used [0x00000000f7580000,0x00000000f7580000,0x00000000ff700000)
 ParOldGen       total 933888K, used 828370K [0x0000000081400000, 0x00000000ba400000, 0x00000000d5c00000)
  object space 933888K, 88% used [0x0000000081400000,0x00000000b3cf4850,0x00000000ba400000)
 Metaspace       used 17308K, capacity 17490K, committed 17792K, reserved 1064960K
  class space    used 2019K, capacity 2091K, committed 2176K, reserved 1048576K

Card table byte_map: [0x0000000011e00000,0x0000000012200000] byte_map_base: 0x00000000119f6000

Marking Bits: (ParMarkBitMap*) 0x00000000649b64f0
 Begin Bits: [0x0000000013140000, 0x00000000150f0000)
 End Bits:   [0x00000000150f0000, 0x00000000170a0000)

Polling page: 0x0000000000130000

CodeCache: size=245760Kb used=5523Kb max_used=5525Kb free=240236Kb
 bounds [0x0000000002a40000, 0x0000000002fb0000, 0x0000000011a40000]
 total_blobs=1998 nmethods=1351 adapters=560
 compilation: enabled

Compilation events (10 events):
Event: 11.143 Thread 0x0000000058d35000 1419       3       java.util.ArrayList::toArray (60 bytes)
Event: 11.143 Thread 0x0000000058d35000 nmethod 1419 0x0000000002f14690 code [0x0000000002f14820, 0x0000000002f14db8]
Event: 11.144 Thread 0x0000000058d35000 1422  s!   3       javax.media.j3d.MasterControl::runMonitor (1532 bytes)
Event: 11.149 Thread 0x0000000058d35000 nmethod 1422 0x0000000002f14f10 code [0x0000000002f15640, 0x0000000002f1b148]
Event: 11.149 Thread 0x0000000058d35000 1420   !   3       javax.media.j3d.Renderer::doWork (6488 bytes)
Event: 11.218 Thread 0x0000000058d35000 nmethod 1420 0x0000000002f1f790 code [0x0000000002f22ca0, 0x0000000002f517d8]
Event: 11.218 Thread 0x0000000058d35000 1423       3       java.net.URLClassLoader::defineClass (142 bytes)
Event: 11.219 Thread 0x0000000058d35000 nmethod 1423 0x0000000002fa5ed0 code [0x0000000002fa6240, 0x0000000002fa8498]
Event: 11.219 Thread 0x0000000058d35000 1421   !   3       javax.media.j3d.RendererStructure::getMessages (67 bytes)
Event: 11.219 Thread 0x0000000058d35000 nmethod 1421 0x0000000002fa96d0 code [0x0000000002fa9840, 0x0000000002fa9de8]

GC Heap History (10 events):
Event: 10.215 GC heap before
{Heap before GC invocations=25 (full 6):
 PSYoungGen      total 535040K, used 392414K [0x00000000d5c00000, 0x0000000100000000, 0x0000000100000000)
  eden space 375296K, 100% used [0x00000000d5c00000,0x00000000eca80000,0x00000000eca80000)
  from space 159744K, 10% used [0x00000000f6400000,0x00000000f74b7b58,0x0000000100000000)
  to   space 157184K, 0% used [0x00000000eca80000,0x00000000eca80000,0x00000000f6400000)
 ParOldGen       total 933888K, used 756606K [0x0000000081400000, 0x00000000ba400000, 0x00000000d5c00000)
  object space 933888K, 81% used [0x0000000081400000,0x00000000af6df840,0x00000000ba400000)
 Metaspace       used 15830K, capacity 16082K, committed 16384K, reserved 1062912K
  class space    used 1863K, capacity 1963K, committed 2048K, reserved 1048576K
Event: 10.239 GC heap after
Heap after GC invocations=25 (full 6):
 PSYoungGen      total 408064K, used 32478K [0x00000000d5c00000, 0x00000000ff180000, 0x0000000100000000)
  eden space 375296K, 0% used [0x00000000d5c00000,0x00000000d5c00000,0x00000000eca80000)
  from space 32768K, 99% used [0x00000000eca80000,0x00000000eea378f8,0x00000000eea80000)
  to   space 151040K, 0% used [0x00000000f5e00000,0x00000000f5e00000,0x00000000ff180000)
 ParOldGen       total 933888K, used 756606K [0x0000000081400000, 0x00000000ba400000, 0x00000000d5c00000)
  object space 933888K, 81% used [0x0000000081400000,0x00000000af6df840,0x00000000ba400000)
 Metaspace       used 15830K, capacity 16082K, committed 16384K, reserved 1062912K
  class space    used 1863K, capacity 1963K, committed 2048K, reserved 1048576K
}
Event: 10.372 GC heap before
{Heap before GC invocations=26 (full 6):
 PSYoungGen      total 408064K, used 407774K [0x00000000d5c00000, 0x00000000ff180000, 0x0000000100000000)
  eden space 375296K, 100% used [0x00000000d5c00000,0x00000000eca80000,0x00000000eca80000)
  from space 32768K, 99% used [0x00000000eca80000,0x00000000eea378f8,0x00000000eea80000)
  to   space 151040K, 0% used [0x00000000f5e00000,0x00000000f5e00000,0x00000000ff180000)
 ParOldGen       total 933888K, used 756606K [0x0000000081400000, 0x00000000ba400000, 0x00000000d5c00000)
  object space 933888K, 81% used [0x0000000081400000,0x00000000af6df840,0x00000000ba400000)
 Metaspace       used 15830K, capacity 16082K, committed 16384K, reserved 1062912K
  class space    used 1863K, capacity 1963K, committed 2048K, reserved 1048576K
Event: 10.402 GC heap after
Heap after GC invocations=26 (full 6):
 PSYoungGen      total 533504K, used 39485K [0x00000000d5c00000, 0x0000000100000000, 0x0000000100000000)
  eden space 382464K, 0% used [0x00000000d5c00000,0x00000000d5c00000,0x00000000ed180000)
  from space 151040K, 26% used [0x00000000f5e00000,0x00000000f848f568,0x00000000ff180000)
  to   space 143872K, 0% used [0x00000000ed180000,0x00000000ed180000,0x00000000f5e00000)
 ParOldGen       total 933888K, used 761502K [0x0000000081400000, 0x00000000ba400000, 0x00000000d5c00000)
  object space 933888K, 81% used [0x0000000081400000,0x00000000afba7840,0x00000000ba400000)
 Metaspace       used 15830K, capacity 16082K, committed 16384K, reserved 1062912K
  class space    used 1863K, capacity 1963K, committed 2048K, reserved 1048576K
}
Event: 10.537 GC heap before
{Heap before GC invocations=27 (full 6):
 PSYoungGen      total 533504K, used 421949K [0x00000000d5c00000, 0x0000000100000000, 0x0000000100000000)
  eden space 382464K, 100% used [0x00000000d5c00000,0x00000000ed180000,0x00000000ed180000)
  from space 151040K, 26% used [0x00000000f5e00000,0x00000000f848f568,0x00000000ff180000)
  to   space 143872K, 0% used [0x00000000ed180000,0x00000000ed180000,0x00000000f5e00000)
 ParOldGen       total 933888K, used 761502K [0x0000000081400000, 0x00000000ba400000, 0x00000000d5c00000)
  object space 933888K, 81% used [0x0000000081400000,0x00000000afba7840,0x00000000ba400000)
 Metaspace       used 15830K, capacity 16082K, committed 16384K, reserved 1062912K
  class space    used 1863K, capacity 1963K, committed 2048K, reserved 1048576K
Event: 10.576 GC heap after
Heap after GC invocations=27 (full 6):
 PSYoungGen      total 526336K, used 30284K [0x00000000d5c00000, 0x00000000fee00000, 0x0000000100000000)
  eden space 382464K, 0% used [0x00000000d5c00000,0x00000000d5c00000,0x00000000ed180000)
  from space 143872K, 21% used [0x00000000ed180000,0x00000000eef13010,0x00000000f5e00000)
  to   space 138240K, 0% used [0x00000000f6700000,0x00000000f6700000,0x00000000fee00000)
 ParOldGen       total 933888K, used 787014K [0x0000000081400000, 0x00000000ba400000, 0x00000000d5c00000)
  object space 933888K, 84% used [0x0000000081400000,0x00000000b1491840,0x00000000ba400000)
 Metaspace       used 15830K, capacity 16082K, committed 16384K, reserved 1062912K
  class space    used 1863K, capacity 1963K, committed 2048K, reserved 1048576K
}
Event: 10.709 GC heap before
{Heap before GC invocations=28 (full 6):
 PSYoungGen      total 526336K, used 412748K [0x00000000d5c00000, 0x00000000fee00000, 0x0000000100000000)
  eden space 382464K, 100% used [0x00000000d5c00000,0x00000000ed180000,0x00000000ed180000)
  from space 143872K, 21% used [0x00000000ed180000,0x00000000eef13010,0x00000000f5e00000)
  to   space 138240K, 0% used [0x00000000f6700000,0x00000000f6700000,0x00000000fee00000)
 ParOldGen       total 933888K, used 787014K [0x0000000081400000, 0x00000000ba400000, 0x00000000d5c00000)
  object space 933888K, 84% used [0x0000000081400000,0x00000000b1491840,0x00000000ba400000)
 Metaspace       used 15830K, capacity 16082K, committed 16384K, reserved 1062912K
  class space    used 1863K, capacity 1963K, committed 2048K, reserved 1048576K
Event: 10.749 GC heap after
Heap after GC invocations=28 (full 6):
 PSYoungGen      total 537600K, used 11072K [0x00000000d5c00000, 0x00000000ff680000, 0x0000000100000000)
  eden space 399360K, 0% used [0x00000000d5c00000,0x00000000d5c00000,0x00000000ee200000)
  from space 138240K, 8% used [0x00000000f6700000,0x00000000f71d0000,0x00000000fee00000)
  to   space 136192K, 0% used [0x00000000ee200000,0x00000000ee200000,0x00000000f6700000)
 ParOldGen       total 933888K, used 817314K [0x0000000081400000, 0x00000000ba400000, 0x00000000d5c00000)
  object space 933888K, 87% used [0x0000000081400000,0x00000000b3228850,0x00000000ba400000)
 Metaspace       used 15830K, capacity 16082K, committed 16384K, reserved 1062912K
  class space    used 1863K, capacity 1963K, committed 2048K, reserved 1048576K
}
Event: 10.893 GC heap before
{Heap before GC invocations=29 (full 6):
 PSYoungGen      total 537600K, used 409471K [0x00000000d5c00000, 0x00000000ff680000, 0x0000000100000000)
  eden space 399360K, 99% used [0x00000000d5c00000,0x00000000ee10fe48,0x00000000ee200000)
  from space 138240K, 8% used [0x00000000f6700000,0x00000000f71d0000,0x00000000fee00000)
  to   space 136192K, 0% used [0x00000000ee200000,0x00000000ee200000,0x00000000f6700000)
 ParOldGen       total 933888K, used 817314K [0x0000000081400000, 0x00000000ba400000, 0x00000000d5c00000)
  object space 933888K, 87% used [0x0000000081400000,0x00000000b3228850,0x00000000ba400000)
 Metaspace       used 15941K, capacity 16146K, committed 16384K, reserved 1062912K
  class space    used 1874K, capacity 1963K, committed 2048K, reserved 1048576K
Event: 10.921 GC heap after
Heap after GC invocations=29 (full 6):
 PSYoungGen      total 535552K, used 13874K [0x00000000d5c00000, 0x00000000ff700000, 0x0000000100000000)
  eden space 399360K, 0% used [0x00000000d5c00000,0x00000000d5c00000,0x00000000ee200000)
  from space 136192K, 10% used [0x00000000ee200000,0x00000000eef8c808,0x00000000f6700000)
  to   space 132608K, 0% used [0x00000000f7580000,0x00000000f7580000,0x00000000ff700000)
 ParOldGen       total 933888K, used 828370K [0x0000000081400000, 0x00000000ba400000, 0x00000000d5c00000)
  object space 933888K, 88% used [0x0000000081400000,0x00000000b3cf4850,0x00000000ba400000)
 Metaspace       used 15941K, capacity 16146K, committed 16384K, reserved 1062912K
  class space    used 1874K, capacity 1963K, committed 2048K, reserved 1048576K
}

Deoptimization events (10 events):
Event: 9.740 Thread 0x000000005ac60800 Uncommon trap: reason=unstable_if action=reinterpret pc=0x0000000002bc7908 method=graphic.MarchingCubes.indexCube(Lalgebra/Grid;D)I @ 26
Event: 9.740 Thread 0x000000005ac60800 Uncommon trap: reason=unstable_if action=reinterpret pc=0x0000000002cc4fc0 method=graphic.MarchingCubes.intersectionList(ILalgebra/Grid;D)[Lalgebra/XYZ; @ 14
Event: 9.741 Thread 0x000000005ac60800 Uncommon trap: reason=unstable_if action=reinterpret pc=0x0000000002b53020 method=graphic.MarchingCubes.indexCube(Lalgebra/Grid;D)I @ 26
Event: 10.928 Thread 0x000000005ac60800 Uncommon trap: reason=unstable_if action=reinterpret pc=0x0000000002cd1b90 method=algebra.Triangle.drawTriangles(Ljavax/media/j3d/BranchGroup;Ljava/util/ArrayList;)V @ 75
Event: 10.966 Thread 0x000000005ac60800 Uncommon trap: reason=unstable_if action=reinterpret pc=0x0000000002cd407c method=javax.media.j3d.GeometryStripArrayRetained.setStripVertexCounts([I)V @ 14
Event: 10.983 Thread 0x000000005ac60800 Uncommon trap: reason=unstable_if action=reinterpret pc=0x0000000002ec7a90 method=javax.media.j3d.GeometryStripArrayRetained.setStripVertexCounts([I)V @ 582
Event: 11.030 Thread 0x000000005ac60800 Uncommon trap: reason=unstable_if action=reinterpret pc=0x0000000002c8b65c method=algebra.Triangle.drawTriangles(Ljavax/media/j3d/BranchGroup;Ljava/util/ArrayList;)V @ 310
Event: 11.070 Thread 0x000000005ac60800 Uncommon trap: reason=unstable_if action=reinterpret pc=0x0000000002ed9380 method=javax.media.j3d.GeometryArrayRetained.setCoordinates(I[Ljavax/vecmath/Point3f;)V @ 72
Event: 11.127 Thread 0x000000005ac60800 Uncommon trap: reason=unstable_if action=reinterpret pc=0x0000000002ca3208 method=java.awt.Component.inside(II)Z @ 9
Event: 11.127 Thread 0x000000005ac60800 Uncommon trap: reason=unstable_if action=reinterpret pc=0x0000000002c9f524 method=java.awt.Component.inside(II)Z @ 9

Internal exceptions (10 events):
Event: 0.073 Thread 0x00000000023fe800 Exception <a 'java/security/PrivilegedActionException'> (0x00000000d5c88f90) thrown at [D:\re\workspace\8-2-build-windows-amd64-cygwin\jdk8u92\6642\hotspot\src\share\vm\prims\jvm.cpp, line 1386]
Event: 0.073 Thread 0x00000000023fe800 Exception <a 'java/security/PrivilegedActionException'> (0x00000000d5c891a0) thrown at [D:\re\workspace\8-2-build-windows-amd64-cygwin\jdk8u92\6642\hotspot\src\share\vm\prims\jvm.cpp, line 1386]
Event: 0.074 Thread 0x00000000023fe800 Exception <a 'java/security/PrivilegedActionException'> (0x00000000d5c8cd48) thrown at [D:\re\workspace\8-2-build-windows-amd64-cygwin\jdk8u92\6642\hotspot\src\share\vm\prims\jvm.cpp, line 1386]
Event: 0.074 Thread 0x00000000023fe800 Exception <a 'java/security/PrivilegedActionException'> (0x00000000d5c8cf58) thrown at [D:\re\workspace\8-2-build-windows-amd64-cygwin\jdk8u92\6642\hotspot\src\share\vm\prims\jvm.cpp, line 1386]
Event: 0.077 Thread 0x00000000023fe800 Exception <a 'java/io/FileNotFoundException'> (0x00000000d5c8fdd8) thrown at [D:\re\workspace\8-2-build-windows-amd64-cygwin\jdk8u92\6642\hotspot\src\share\vm\prims\jni.cpp, line 709]
Event: 0.099 Thread 0x00000000023fe800 Exception <a 'java/lang/NoSuchFieldError': method resolution failed> (0x00000000d5e03c68) thrown at [D:\re\workspace\8-2-build-windows-amd64-cygwin\jdk8u92\6642\hotspot\src\share\vm\prims\methodHandles.cpp, line 1146]
Event: 0.100 Thread 0x00000000023fe800 Exception <a 'java/lang/NoSuchFieldError': method resolution failed> (0x00000000d5e11038) thrown at [D:\re\workspace\8-2-build-windows-amd64-cygwin\jdk8u92\6642\hotspot\src\share\vm\prims\methodHandles.cpp, line 1146]
Event: 0.124 Thread 0x00000000023fe800 Exception <a 'java/io/FileNotFoundException'> (0x00000000d5ea5f30) thrown at [D:\re\workspace\8-2-build-windows-amd64-cygwin\jdk8u92\6642\hotspot\src\share\vm\prims\jni.cpp, line 709]
Event: 0.141 Thread 0x00000000023fe800 Implicit null exception at 0x0000000002baf9d2 to 0x0000000002bafb99
Event: 9.359 Thread 0x000000005af66800 Implicit null exception at 0x0000000002e3d229 to 0x0000000002e3eb85

Events (10 events):
Event: 11.153 Executing VM operation: RevokeBias
Event: 11.153 Executing VM operation: RevokeBias done
Event: 11.153 loading class javax/media/j3d/NativeContext
Event: 11.153 loading class javax/media/j3d/NativeContext done
Event: 11.156 loading class javax/media/j3d/VertexArrayRenderMethod
Event: 11.156 loading class javax/media/j3d/VertexArrayRenderMethod done
Event: 11.174 Executing VM operation: RevokeBias
Event: 11.175 Executing VM operation: RevokeBias done
Event: 11.219 Thread 0x0000000058d35000 flushing nmethod 0x0000000002c997d0
Event: 11.219 Thread 0x0000000058d35000 flushing nmethod 0x0000000002cce090


Dynamic libraries:
0x000000013f410000 - 0x000000013f447000 	C:\Program Files\Java\jre1.8.0_92\bin\javaw.exe
0x0000000077400000 - 0x00000000775ab000 	C:\Windows\SYSTEM32\ntdll.dll
0x00000000771e0000 - 0x00000000772ff000 	C:\Windows\system32\kernel32.dll
0x000007fefd360000 - 0x000007fefd3ca000 	C:\Windows\system32\KERNELBASE.dll
0x000007fefd540000 - 0x000007fefd61b000 	C:\Windows\system32\ADVAPI32.dll
0x000007fefd620000 - 0x000007fefd6bf000 	C:\Windows\system32\msvcrt.dll
0x000007fefd500000 - 0x000007fefd51f000 	C:\Windows\SYSTEM32\sechost.dll
0x000007fefd730000 - 0x000007fefd85d000 	C:\Windows\system32\RPCRT4.dll
0x0000000077300000 - 0x00000000773fa000 	C:\Windows\system32\USER32.dll
0x000007fefd6c0000 - 0x000007fefd727000 	C:\Windows\system32\GDI32.dll
0x000007fefde40000 - 0x000007fefde4e000 	C:\Windows\system32\LPK.dll
0x000007fefe060000 - 0x000007fefe12a000 	C:\Windows\system32\USP10.dll
0x000007fefb780000 - 0x000007fefb974000 	C:\Windows\WinSxS\amd64_microsoft.windows.common-controls_6595b64144ccf1df_6.0.7601.18837_none_fa3b1e3d17594757\COMCTL32.dll
0x000007fefdac0000 - 0x000007fefdb31000 	C:\Windows\system32\SHLWAPI.dll
0x000007fefe950000 - 0x000007fefe97e000 	C:\Windows\system32\IMM32.DLL
0x000007fefdb40000 - 0x000007fefdc49000 	C:\Windows\system32\MSCTF.dll
0x000007fefd070000 - 0x000007fefd0a2000 	C:\Windows\system32\nvinitx.dll
0x000007fefd060000 - 0x000007fefd06c000 	C:\Windows\system32\VERSION.dll
0x00000000748e0000 - 0x00000000748e6000 	C:\Program Files\NVIDIA Corporation\CoProcManager\detoured.dll
0x000007fefa640000 - 0x000007fefa678000 	C:\Program Files\NVIDIA Corporation\CoProcManager\nvd3d9wrapx.dll
0x000007fefd8e0000 - 0x000007fefdab7000 	C:\Windows\system32\SETUPAPI.dll
0x000007fefd480000 - 0x000007fefd4b6000 	C:\Windows\system32\CFGMGR32.dll
0x000007fefe540000 - 0x000007fefe618000 	C:\Windows\system32\OLEAUT32.dll
0x000007fefde50000 - 0x000007fefe053000 	C:\Windows\system32\ole32.dll
0x000007fefd190000 - 0x000007fefd1aa000 	C:\Windows\system32\DEVOBJ.dll
0x000007fefa610000 - 0x000007fefa634000 	C:\Program Files\NVIDIA Corporation\CoProcManager\nvdxgiwrapx.dll
0x0000000061fd0000 - 0x00000000620a2000 	C:\Program Files\Java\jre1.8.0_92\bin\msvcr100.dll
0x00000000641a0000 - 0x0000000064a36000 	C:\Program Files\Java\jre1.8.0_92\bin\server\jvm.dll
0x000007fef6a90000 - 0x000007fef6a99000 	C:\Windows\system32\WSOCK32.dll
0x000007fefddf0000 - 0x000007fefde3d000 	C:\Windows\system32\WS2_32.dll
0x000007fefdc50000 - 0x000007fefdc58000 	C:\Windows\system32\NSI.dll
0x000007fefa990000 - 0x000007fefa9cb000 	C:\Windows\system32\WINMM.dll
0x00000000775c0000 - 0x00000000775c7000 	C:\Windows\system32\PSAPI.DLL
0x000000006f560000 - 0x000000006f56f000 	C:\Program Files\Java\jre1.8.0_92\bin\verify.dll
0x000000006f270000 - 0x000000006f299000 	C:\Program Files\Java\jre1.8.0_92\bin\java.dll
0x000000006eb30000 - 0x000000006eb46000 	C:\Program Files\Java\jre1.8.0_92\bin\zip.dll
0x000007fefe980000 - 0x000007feff70c000 	C:\Windows\system32\SHELL32.dll
0x000007fefd150000 - 0x000007fefd15f000 	C:\Windows\system32\profapi.dll
0x000000005a940000 - 0x000000005aad8000 	C:\Program Files\Java\jre1.8.0_92\bin\awt.dll
0x000007fefb2f0000 - 0x000007fefb308000 	C:\Windows\system32\DWMAPI.DLL
0x000007fefb6d0000 - 0x000007fefb726000 	C:\Windows\system32\uxtheme.dll
0x000007fefcf90000 - 0x000007fefcf9f000 	C:\Windows\system32\CRYPTBASE.dll
0x000000006c9e0000 - 0x000000006ca27000 	C:\Program Files\Java\jre1.8.0_92\bin\fontmanager.dll
0x000000006d9d0000 - 0x000000006d9ea000 	C:\Program Files\Java\jre1.8.0_92\bin\net.dll
0x000007fefc8d0000 - 0x000007fefc925000 	C:\Windows\system32\mswsock.dll
0x000007fefc8c0000 - 0x000007fefc8c7000 	C:\Windows\System32\wship6.dll
0x000000006d9b0000 - 0x000000006d9c1000 	C:\Program Files\Java\jre1.8.0_92\bin\nio.dll
0x0000000066c30000 - 0x0000000066c72000 	C:\Program Files\Java\jre1.8.0_92\bin\t2k.dll
0x000007fefe4a0000 - 0x000007fefe539000 	C:\Windows\system32\CLBCatQ.DLL
0x000007fefb070000 - 0x000007fefb1d1000 	C:\Windows\system32\WindowsCodecs.dll
0x000007fefcf30000 - 0x000007fefcf87000 	C:\Windows\system32\apphelp.dll
0x000000006f090000 - 0x000000006f18c000 	C:\Program Files\AVAST Software\Avast\ashShA64.dll
0x000007fefb4b0000 - 0x000007fefb6c6000 	C:\Windows\WinSxS\amd64_microsoft.windows.gdiplus_6595b64144ccf1df_1.1.7601.23407_none_14556c1e8b95d0b8\gdiplus.dll
0x000007fefc350000 - 0x000007fefc361000 	C:\Windows\system32\WTSAPI32.dll
0x000007fefd1c0000 - 0x000007fefd32d000 	C:\Windows\system32\CRYPT32.dll
0x000007fefd140000 - 0x000007fefd14f000 	C:\Windows\system32\MSASN1.dll
0x000007fef4b70000 - 0x000007fef4b73000 	C:\Windows\system32\api-ms-win-core-synch-l1-2-0.DLL
0x000007fef4850000 - 0x000007fef4b6e000 	C:\Windows\system32\msi.dll
0x000007fef4810000 - 0x000007fef4845000 	C:\Windows\system32\EhStorShell.dll
0x000007fefbbf0000 - 0x000007fefbd1c000 	C:\Windows\system32\PROPSYS.dll
0x000007fef4790000 - 0x000007fef480e000 	C:\Windows\System32\cscui.dll
0x000007fef4740000 - 0x000007fef474c000 	C:\Windows\System32\CSCDLL.dll
0x000007fef4730000 - 0x000007fef473f000 	C:\Windows\system32\CSCAPI.dll
0x000007fef46b0000 - 0x000007fef4730000 	C:\Windows\system32\ntshrui.dll
0x000007fefcca0000 - 0x000007fefccc3000 	C:\Windows\system32\srvcli.dll
0x000007fefa9f0000 - 0x000007fefa9fb000 	C:\Windows\system32\slc.dll
0x00000000744c0000 - 0x00000000744c7000 	C:\Program Files\Java\jre1.8.0_92\bin\jawt.dll
0x0000000059c20000 - 0x0000000059c5e000 	C:\Program Files\Java\Java3D\1.5.2\bin\j3dcore-ogl.dll
0x000007fedc3f0000 - 0x000007fedc50d000 	C:\Windows\system32\OPENGL32.dll
0x000007fedc7f0000 - 0x000007fedc81d000 	C:\Windows\system32\GLU32.dll
0x000007feefd80000 - 0x000007feefe71000 	C:\Windows\system32\DDRAW.dll
0x000007fefb220000 - 0x000007fefb228000 	C:\Windows\system32\DCIMAN32.dll
0x000007fefd4c0000 - 0x000007fefd4fb000 	C:\Windows\system32\WINTRUST.dll
0x000007fed4210000 - 0x000007fed4efc000 	C:\Windows\system32\ig8icd64.dll
0x000007fef2940000 - 0x000007fef3366000 	C:\Windows\system32\igdusc64.dll
0x000007fef57e0000 - 0x000007fef5905000 	C:\Windows\system32\dbghelp.dll

VM Arguments:
jvm_args: -Dfile.encoding=Cp1252 
java_command: Main
java_class_path (initial): C:\Users\maxime\workspace\3D Modelizer\bin;C:\Program Files\Java\Java3D\1.5.2\lib\ext\j3dcore.jar;C:\Program Files\Java\Java3D\1.5.2\lib\ext\j3dutils.jar;C:\Program Files\Java\Java3D\1.5.2\lib\ext\vecmath.jar;C:\Users\maxime\Documents\Mon Travail\eclipse-java-mars-2-win32-x86_64\eclipse\dropins\plugins\ij.jar;C:\Users\maxime\Documents\Mon Travail\eclipse-java-mars-2-win32-x86_64\eclipse\dropins\plugins\jai_core-1.1.3.jar;C:\Users\maxime\Documents\Mon Travail\eclipse-java-mars-2-win32-x86_64\eclipse\dropins\plugins\jai_windows-i586.jar
Launcher Type: SUN_STANDARD

Environment Variables:
PATH=C:/Program Files/Java/jre1.8.0_92/bin/server;C:/Program Files/Java/jre1.8.0_92/bin;C:/Program Files/Java/jre1.8.0_92/lib/amd64;C:\ProgramData\Oracle\Java\javapath;C:\Program Files (x86)\Intel\iCLS Client\;C:\Program Files\Intel\iCLS Client\;C:\Windows\system32;C:\Windows;C:\Windows\System32\Wbem;C:\Windows\System32\WindowsPowerShell\v1.0\;C:\Program Files\Intel\Intel(R) Management Engine Components\DAL;C:\Program Files (x86)\Intel\Intel(R) Management Engine Components\DAL;C:\Program Files\Intel\Intel(R) Management Engine Components\IPT;C:\Program Files (x86)\Intel\Intel(R) Management Engine Components\IPT;C:\Program Files\Intel\WiFi\bin\;C:\Program Files\Common Files\Intel\WirelessCommon\;C:\Program Files (x86)\NVIDIA Corporation\PhysX\Common;C:\Program Files (x86)\Skype\Phone\;C:\Program Files\MATLAB\MATLAB Production Server\R2015a\runtime\win64;C:\Program Files\MATLAB\MATLAB Production Server\R2015a\bin;C:\Program Files\MATLAB\MATLAB Production Server\R2015a\polyspace\bin;C:\Program Files\MiKTeX 2.9\miktex\bin\x64\;C:\Program Files (x86)\GtkSharp\2.12\bin;C:\Program Files\Intel\WiFi\bin\;C:\Program Files\Common Files\Intel\WirelessCommon\;C:\Program Files\Java\jdk1.8.0_92\bin;C:\Program Files\WinCaml5\caml-light\bin;C:\Program Files\Java\Java3D\1.5.2\bin;C:\Users\maxime\Documents\Mon Travail\eclipse-java-mars-2-win32-x86_64\eclipse;
USERNAME=maxime
OS=Windows_NT
PROCESSOR_IDENTIFIER=Intel64 Family 6 Model 71 Stepping 1, GenuineIntel



---------------  S Y S T E M  ---------------

OS: Windows 7 , 64 bit Build 7601 (6.1.7601.23455)

CPU:total 8 (4 cores per cpu, 2 threads per core) family 6 model 71 stepping 1, cmov, cx8, fxsr, mmx, sse, sse2, sse3, ssse3, sse4.1, sse4.2, popcnt, avx, avx2, aes, clmul, erms, 3dnowpref, lzcnt, ht, tsc, tscinvbit, bmi1, bmi2, adx

Memory: 4k page, physical 8301280k(1843644k free), swap 16600700k(8538356k free)

vm_info: Java HotSpot(TM) 64-Bit Server VM (25.92-b14) for windows-amd64 JRE (1.8.0_92-b14), built on Mar 31 2016 21:03:04 by "java_re" with MS VC++ 10.0 (VS2010)

time: Wed Jul 27 16:15:01 2016
elapsed time: 11 seconds (0d 0h 0m 11s)

