#
# A fatal error has been detected by the Java Runtime Environment:
#
#  EXCEPTION_ACCESS_VIOLATION (0xc0000005) at pc=0x000007fed443657f, pid=180, tid=0x000000000000129c
#
# JRE version: Java(TM) SE Runtime Environment (8.0_92-b14) (build 1.8.0_92-b14)
# Java VM: Java HotSpot(TM) 64-Bit Server VM (25.92-b14 mixed mode windows-amd64 compressed oops)
# Problematic frame:
# C  [ig8icd64.dll+0x45657f]
#
# Failed to write core dump. Minidumps are not enabled by default on client versions of Windows
#
# If you would like to submit a bug report, please visit:
#   http://bugreport.java.com/bugreport/crash.jsp
# The crash happened outside the Java Virtual Machine in native code.
# See problematic frame for where to report the bug.
#

---------------  T H R E A D  ---------------

Current thread (0x000000005b5fe000):  JavaThread "J3D-Renderer-1" [_thread_in_native, id=4764, stack(0x000000005c1a0000,0x000000005c2a0000)]

siginfo: ExceptionCode=0xc0000005, reading address 0x00000000ccd80010

Registers:
RAX=0x000000005d7d8fe0, RBX=0x000000000235d660, RCX=0x00000000ccd80008, RDX=0x0000000000000003
RSP=0x000000005c29efb8, RBP=0x00000000065dbbe0, RSI=0x0000000000000007, RDI=0x00000000b3611078
R8 =0x0000000000000018, R9 =0x0000000108e7a340, R10=0x0000000000003f41, R11=0x0000000000000000
R12=0x0000000000000130, R13=0x00000000065dbbe0, R14=0x0000000000000000, R15=0x00000000ccd80010
RIP=0x000007fed443657f, EFLAGS=0x0000000000010246

Top of Stack: (sp=0x000000005c29efb8)
0x000000005c29efb8:   00000000128482f6 000000000235d660
0x000000005c29efc8:   0000000000000001 0000000000000000
0x000000005c29efd8:   0000000000000000 065dbbe7065dbbe4
0x000000005c29efe8:   00000005065dbbe0 000000005b5fe1f8
0x000000005c29eff8:   000000006493ad50 000000005c29fa00
0x000000005c29f008:   0000000000000002 0000000000000000
0x000000005c29f018:   0000000000000001 000000005b6d5238
0x000000005c29f028:   000000005b5fe000 00000000647d41b8
0x000000005c29f038:   0000000000000000 0000000000000041
0x000000005c29f048:   000000006437a527 000000005bb76548
0x000000005c29f058:   000000005b5fe000 00000000065dbbe4
0x000000005c29f068:   0000000000000000 0000000000000000
0x000000005c29f078:   00000000065dbbe7 00000000065dbbe0
0x000000005c29f088:   00000000f9b87080 0000000000390166
0x000000005c29f098:   0000000000000028 00000000f9b7cd88
0x000000005c29f0a8:   000000006425aa86 0000000000000000 

Instructions: (pc=0x000007fed443657f)
0x000007fed443655f:   83 c4 50 5b c3 cc cc cc cc cc cc cc cc cc cc cc
0x000007fed443656f:   cc 8b 15 96 a8 7e 00 65 48 8b 04 25 58 00 00 00
0x000007fed443657f:   f3 0f 10 51 08 48 8b 04 d0 f3 0f 10 49 04 f3 0f
0x000007fed443658f:   10 01 41 b8 18 00 00 00 4a 8b 14 00 48 ff a2 e0 


Register to memory mapping:

RAX=0x000000005d7d8fe0 is an unknown value
RBX=0x000000000235d660 is an unknown value
RCX=0x00000000ccd80008 is an unallocated location in the heap
RDX=0x0000000000000003 is an unknown value
RSP=0x000000005c29efb8 is pointing into the stack for thread: 0x000000005b5fe000
RBP=0x00000000065dbbe0 is an unknown value
RSI=0x0000000000000007 is an unknown value
RDI=0x00000000b3611078 is pointing into object: 0x00000000b3611068
[F 
 - klass: {type array float}
 - length: 37463400
R8 =0x0000000000000018 is an unknown value
R9 =0x0000000108e7a340 is an unknown value
R10=0x0000000000003f41 is an unknown value
R11=0x0000000000000000 is an unknown value
R12=0x0000000000000130 is an unknown value
R13=0x00000000065dbbe0 is an unknown value
R14=0x0000000000000000 is an unknown value
R15=0x00000000ccd80010 is an unallocated location in the heap


Stack: [0x000000005c1a0000,0x000000005c2a0000],  sp=0x000000005c29efb8,  free space=1019k
Native frames: (J=compiled Java code, j=interpreted, Vv=VM code, C=native code)
C  [ig8icd64.dll+0x45657f]

Java frames: (J=compiled Java code, j=interpreted, Vv=VM code)
j  javax.media.j3d.NativePipeline.buildGA(JLjavax/media/j3d/GeometryArrayRetained;IZZFZIIII[II[II[I[D[D[F)V+0
j  javax.media.j3d.NativePipeline.buildGA(Ljavax/media/j3d/Context;Ljavax/media/j3d/GeometryArrayRetained;IZZFZIIII[II[II[I[D[D[F)V+40
j  javax.media.j3d.GeometryArrayRetained.buildGA(Ljavax/media/j3d/Canvas3D;Ljavax/media/j3d/RenderAtom;ZZFZLjavax/media/j3d/Transform3D;Ljavax/media/j3d/Transform3D;)V+178
j  javax.media.j3d.DisplayListRenderMethod.buildDisplayList(Ljavax/media/j3d/RenderMolecule;Ljavax/media/j3d/Canvas3D;)V+177
j  javax.media.j3d.RenderMolecule.updateAllPrimaryDisplayLists(Ljavax/media/j3d/Canvas3D;)V+69
j  javax.media.j3d.RenderBin.updateAllRenderMolecule(Ljavax/media/j3d/Canvas3D;)V+41
j  javax.media.j3d.Renderer.doWork(J)V+4392
j  javax.media.j3d.J3dThread.run()V+19
v  ~StubRoutines::call_stub

---------------  P R O C E S S  ---------------

Java Threads: ( => current thread )
  0x000000005b605800 JavaThread "J3D-InputDeviceScheduler-1" [_thread_blocked, id=9080, stack(0x0000000061b80000,0x0000000061c80000)]
  0x000000005b605000 JavaThread "J3D-SoundSchedulerUpdateThread-1" [_thread_blocked, id=9104, stack(0x00000000619f0000,0x0000000061af0000)]
  0x000000005b604000 JavaThread "J3D-RenderStructureUpdateThread-1" [_thread_blocked, id=3204, stack(0x00000000618a0000,0x00000000619a0000)]
  0x000000005b603800 JavaThread "J3D-BehaviorScheduler-1" [_thread_blocked, id=6884, stack(0x0000000060b20000,0x0000000060c20000)]
  0x000000005b602800 JavaThread "J3D-TransformStructureUpdateThread-1" [_thread_blocked, id=3744, stack(0x000000005f800000,0x000000005f900000)]
  0x000000005b602000 JavaThread "J3D-RenderingEnvironmentStructureUpdateThread-1" [_thread_blocked, id=4564, stack(0x0000000060d60000,0x0000000060e60000)]
  0x000000005b601000 JavaThread "J3D-SoundStructureUpdateThread-1" [_thread_blocked, id=8200, stack(0x0000000060c20000,0x0000000060d20000)]
  0x000000005b600800 JavaThread "J3D-GeometryStructureUpdateThread-1" [_thread_blocked, id=8696, stack(0x000000005d8c0000,0x000000005d9c0000)]
  0x000000005b5ff000 JavaThread "J3D-BehaviorStructureUpdateThread-1" [_thread_blocked, id=8680, stack(0x0000000060a00000,0x0000000060b00000)]
=>0x000000005b5fe000 JavaThread "J3D-Renderer-1" [_thread_in_native, id=4764, stack(0x000000005c1a0000,0x000000005c2a0000)]
  0x000000005b5fd800 JavaThread "J3D-MasterControl-1" [_thread_blocked, id=4872, stack(0x000000005dee0000,0x000000005dfe0000)]
  0x000000005b5fc800 JavaThread "J3D-NotificationThread" [_thread_blocked, id=6632, stack(0x000000005c0a0000,0x000000005c1a0000)]
  0x000000005b7d6800 JavaThread "J3D-TimerThread" [_thread_blocked, id=2692, stack(0x000000005bf40000,0x000000005c040000)]
  0x000000005b6bf000 JavaThread "J3D-RenderingAttributesStructureUpdateThread" [_thread_blocked, id=5604, stack(0x000000005bdf0000,0x000000005bef0000)]
  0x000000005b38f000 JavaThread "TimerQueue" daemon [_thread_blocked, id=3424, stack(0x000000005e120000,0x000000005e220000)]
  0x000000000236e800 JavaThread "DestroyJavaVM" [_thread_blocked, id=9156, stack(0x0000000002440000,0x0000000002540000)]
  0x000000005b1aa800 JavaThread "AWT-EventQueue-0" [_thread_blocked, id=8556, stack(0x000000005c3c0000,0x000000005c4c0000)]
  0x000000005b147000 JavaThread "AWT-Windows" daemon [_thread_in_native, id=8576, stack(0x000000005a880000,0x000000005a980000)]
  0x000000005b146800 JavaThread "AWT-Shutdown" [_thread_blocked, id=8544, stack(0x000000005b9d0000,0x000000005bad0000)]
  0x000000005b145800 JavaThread "Java2D Disposer" daemon [_thread_blocked, id=740, stack(0x000000005b8d0000,0x000000005b9d0000)]
  0x0000000058ddb000 JavaThread "Service Thread" daemon [_thread_blocked, id=8384, stack(0x000000005acc0000,0x000000005adc0000)]
  0x0000000058d46800 JavaThread "C1 CompilerThread3" daemon [_thread_blocked, id=9136, stack(0x000000005ab40000,0x000000005ac40000)]
  0x0000000058d44000 JavaThread "C2 CompilerThread2" daemon [_thread_blocked, id=9048, stack(0x000000005a980000,0x000000005aa80000)]
  0x0000000058d38800 JavaThread "C2 CompilerThread1" daemon [_thread_blocked, id=9044, stack(0x000000005a730000,0x000000005a830000)]
  0x0000000058d33000 JavaThread "C2 CompilerThread0" daemon [_thread_blocked, id=1384, stack(0x000000005a5b0000,0x000000005a6b0000)]
  0x0000000058d2f800 JavaThread "Attach Listener" daemon [_thread_blocked, id=8320, stack(0x0000000059e70000,0x0000000059f70000)]
  0x0000000058d2e800 JavaThread "Signal Dispatcher" daemon [_thread_blocked, id=9140, stack(0x000000005a390000,0x000000005a490000)]
  0x0000000057c7d800 JavaThread "Finalizer" daemon [_thread_blocked, id=9152, stack(0x000000005a180000,0x000000005a280000)]
  0x0000000057c76800 JavaThread "Reference Handler" daemon [_thread_blocked, id=3508, stack(0x0000000059fd0000,0x000000005a0d0000)]

Other Threads:
  0x0000000058ce2800 VMThread [stack: 0x0000000059d50000,0x0000000059e50000] [id=9184]
  0x0000000058de9800 WatcherThread [stack: 0x000000005ae00000,0x000000005af00000] [id=1680]

VM state:not at safepoint (normal execution)

VM Mutex/Monitor currently owned by a thread: None

Heap:
 PSYoungGen      total 524800K, used 185608K [0x00000000d5c00000, 0x0000000100000000, 0x0000000100000000)
  eden space 382976K, 25% used [0x00000000d5c00000,0x00000000dbba87c8,0x00000000ed200000)
  from space 141824K, 61% used [0x00000000f6e80000,0x00000000fc419930,0x00000000ff900000)
  to   space 154624K, 0% used [0x00000000ed200000,0x00000000ed200000,0x00000000f6900000)
 ParOldGen       total 1238528K, used 981290K [0x0000000081400000, 0x00000000ccd80000, 0x00000000d5c00000)
  object space 1238528K, 79% used [0x0000000081400000,0x00000000bd24ab68,0x00000000ccd80000)
 Metaspace       used 17381K, capacity 17554K, committed 17792K, reserved 1064960K
  class space    used 2017K, capacity 2091K, committed 2176K, reserved 1048576K

Card table byte_map: [0x0000000011bd0000,0x0000000011fd0000] byte_map_base: 0x00000000117c6000

Marking Bits: (ParMarkBitMap*) 0x00000000649b64f0
 Begin Bits: [0x0000000012f30000, 0x0000000014ee0000)
 End Bits:   [0x0000000014ee0000, 0x0000000016e90000)

Polling page: 0x00000000000b0000

CodeCache: size=245760Kb used=5687Kb max_used=5707Kb free=240072Kb
 bounds [0x0000000002810000, 0x0000000002db0000, 0x0000000011810000]
 total_blobs=2035 nmethods=1387 adapters=560
 compilation: enabled

Compilation events (10 events):
Event: 14.072 Thread 0x0000000058d46800 1479       1       javax.media.j3d.J3dStructure::getNumMessage (5 bytes)
Event: 14.073 Thread 0x0000000058d46800 nmethod 1479 0x000000000298da10 code [0x000000000298db60, 0x000000000298dc70]
Event: 14.074 Thread 0x0000000058d46800 1482  s!   3       javax.media.j3d.MasterControl::runMonitor (1532 bytes)
Event: 14.079 Thread 0x0000000058d46800 nmethod 1482 0x0000000002d1b150 code [0x0000000002d1b880, 0x0000000002d21388]
Event: 14.079 Thread 0x0000000058d46800 1480   !   3       javax.media.j3d.Renderer::doWork (6488 bytes)
Event: 14.171 Thread 0x0000000058d46800 nmethod 1480 0x0000000002d259d0 code [0x0000000002d28ee0, 0x0000000002d57a18]
Event: 14.171 Thread 0x0000000058d46800 1481   !   3       javax.media.j3d.RendererStructure::getMessages (67 bytes)
Event: 14.171 Thread 0x0000000058d46800 nmethod 1481 0x000000000293b5d0 code [0x000000000293b740, 0x000000000293bce8]
Event: 14.171 Thread 0x0000000058d46800 1483       3       java.util.ArrayList::toArray (60 bytes)
Event: 14.172 Thread 0x0000000058d46800 nmethod 1483 0x0000000002944510 code [0x00000000029446a0, 0x0000000002944c38]

GC Heap History (10 events):
Event: 12.010 GC heap before
{Heap before GC invocations=28 (full 7):
 PSYoungGen      total 524800K, used 385277K [0x00000000d5c00000, 0x00000000ff600000, 0x0000000100000000)
  eden space 370688K, 100% used [0x00000000d5c00000,0x00000000ec600000,0x00000000ec600000)
  from space 154112K, 9% used [0x00000000f5f80000,0x00000000f6dbf568,0x00000000ff600000)
  to   space 155648K, 0% used [0x00000000ec600000,0x00000000ec600000,0x00000000f5e00000)
 ParOldGen       total 989184K, used 783883K [0x0000000081400000, 0x00000000bda00000, 0x00000000d5c00000)
  object space 989184K, 79% used [0x0000000081400000,0x00000000b1182de8,0x00000000bda00000)
 Metaspace       used 15903K, capacity 16146K, committed 16384K, reserved 1062912K
  class space    used 1863K, capacity 1963K, committed 2048K, reserved 1048576K
Event: 12.038 GC heap after
Heap after GC invocations=28 (full 7):
 PSYoungGen      total 526336K, used 18188K [0x00000000d5c00000, 0x00000000ff780000, 0x0000000100000000)
  eden space 370688K, 0% used [0x00000000d5c00000,0x00000000d5c00000,0x00000000ec600000)
  from space 155648K, 11% used [0x00000000ec600000,0x00000000ed7c3010,0x00000000f5e00000)
  to   space 150528K, 0% used [0x00000000f6480000,0x00000000f6480000,0x00000000ff780000)
 ParOldGen       total 989184K, used 795283K [0x0000000081400000, 0x00000000bda00000, 0x00000000d5c00000)
  object space 989184K, 80% used [0x0000000081400000,0x00000000b1ca4de8,0x00000000bda00000)
 Metaspace       used 15903K, capacity 16146K, committed 16384K, reserved 1062912K
  class space    used 1863K, capacity 1963K, committed 2048K, reserved 1048576K
}
Event: 12.184 GC heap before
{Heap before GC invocations=29 (full 7):
 PSYoungGen      total 526336K, used 388876K [0x00000000d5c00000, 0x00000000ff780000, 0x0000000100000000)
  eden space 370688K, 100% used [0x00000000d5c00000,0x00000000ec600000,0x00000000ec600000)
  from space 155648K, 11% used [0x00000000ec600000,0x00000000ed7c3010,0x00000000f5e00000)
  to   space 150528K, 0% used [0x00000000f6480000,0x00000000f6480000,0x00000000ff780000)
 ParOldGen       total 989184K, used 795283K [0x0000000081400000, 0x00000000bda00000, 0x00000000d5c00000)
  object space 989184K, 80% used [0x0000000081400000,0x00000000b1ca4de8,0x00000000bda00000)
 Metaspace       used 15903K, capacity 16146K, committed 16384K, reserved 1062912K
  class space    used 1863K, capacity 1963K, committed 2048K, reserved 1048576K
Event: 12.216 GC heap after
Heap after GC invocations=29 (full 7):
 PSYoungGen      total 530944K, used 12832K [0x00000000d5c00000, 0x00000000ff200000, 0x0000000100000000)
  eden space 386048K, 0% used [0x00000000d5c00000,0x00000000d5c00000,0x00000000ed500000)
  from space 144896K, 8% used [0x00000000f6480000,0x00000000f7108000,0x00000000ff200000)
  to   space 145920K, 0% used [0x00000000ed500000,0x00000000ed500000,0x00000000f6380000)
 ParOldGen       total 989184K, used 813391K [0x0000000081400000, 0x00000000bda00000, 0x00000000d5c00000)
  object space 989184K, 82% used [0x0000000081400000,0x00000000b2e53df8,0x00000000bda00000)
 Metaspace       used 15903K, capacity 16146K, committed 16384K, reserved 1062912K
  class space    used 1863K, capacity 1963K, committed 2048K, reserved 1048576K
}
Event: 12.366 GC heap before
{Heap before GC invocations=30 (full 7):
 PSYoungGen      total 530944K, used 398880K [0x00000000d5c00000, 0x00000000ff200000, 0x0000000100000000)
  eden space 386048K, 100% used [0x00000000d5c00000,0x00000000ed500000,0x00000000ed500000)
  from space 144896K, 8% used [0x00000000f6480000,0x00000000f7108000,0x00000000ff200000)
  to   space 145920K, 0% used [0x00000000ed500000,0x00000000ed500000,0x00000000f6380000)
 ParOldGen       total 989184K, used 813391K [0x0000000081400000, 0x00000000bda00000, 0x00000000d5c00000)
  object space 989184K, 82% used [0x0000000081400000,0x00000000b2e53df8,0x00000000bda00000)
 Metaspace       used 15903K, capacity 16146K, committed 16384K, reserved 1062912K
  class space    used 1863K, capacity 1963K, committed 2048K, reserved 1048576K
Event: 12.414 GC heap after
Heap after GC invocations=30 (full 7):
 PSYoungGen      total 531968K, used 7584K [0x00000000d5c00000, 0x00000000ff900000, 0x0000000100000000)
  eden space 386048K, 0% used [0x00000000d5c00000,0x00000000d5c00000,0x00000000ed500000)
  from space 145920K, 5% used [0x00000000ed500000,0x00000000edc68000,0x00000000f6380000)
  to   space 141824K, 0% used [0x00000000f6e80000,0x00000000f6e80000,0x00000000ff900000)
 ParOldGen       total 989184K, used 826199K [0x0000000081400000, 0x00000000bda00000, 0x00000000d5c00000)
  object space 989184K, 83% used [0x0000000081400000,0x00000000b3ad5df8,0x00000000bda00000)
 Metaspace       used 15903K, capacity 16146K, committed 16384K, reserved 1062912K
  class space    used 1863K, capacity 1963K, committed 2048K, reserved 1048576K
}
Event: 12.563 GC heap before
{Heap before GC invocations=31 (full 7):
 PSYoungGen      total 531968K, used 393632K [0x00000000d5c00000, 0x00000000ff900000, 0x0000000100000000)
  eden space 386048K, 100% used [0x00000000d5c00000,0x00000000ed500000,0x00000000ed500000)
  from space 145920K, 5% used [0x00000000ed500000,0x00000000edc68000,0x00000000f6380000)
  to   space 141824K, 0% used [0x00000000f6e80000,0x00000000f6e80000,0x00000000ff900000)
 ParOldGen       total 989184K, used 826199K [0x0000000081400000, 0x00000000bda00000, 0x00000000d5c00000)
  object space 989184K, 83% used [0x0000000081400000,0x00000000b3ad5df8,0x00000000bda00000)
 Metaspace       used 16123K, capacity 16338K, committed 16640K, reserved 1064960K
  class space    used 1888K, capacity 1963K, committed 2048K, reserved 1048576K
Event: 12.698 GC heap after
Heap after GC invocations=31 (full 7):
 PSYoungGen      total 524800K, used 102188K [0x00000000d5c00000, 0x0000000100000000, 0x0000000100000000)
  eden space 382976K, 0% used [0x00000000d5c00000,0x00000000d5c00000,0x00000000ed200000)
  from space 141824K, 72% used [0x00000000f6e80000,0x00000000fd24b290,0x00000000ff900000)
  to   space 154624K, 0% used [0x00000000ed200000,0x00000000ed200000,0x00000000f6900000)
 ParOldGen       total 989184K, used 980020K [0x0000000081400000, 0x00000000bda00000, 0x00000000d5c00000)
  object space 989184K, 99% used [0x0000000081400000,0x00000000bd10d3a8,0x00000000bda00000)
 Metaspace       used 16123K, capacity 16338K, committed 16640K, reserved 1064960K
  class space    used 1888K, capacity 1963K, committed 2048K, reserved 1048576K
}
Event: 12.698 GC heap before
{Heap before GC invocations=32 (full 8):
 PSYoungGen      total 524800K, used 102188K [0x00000000d5c00000, 0x0000000100000000, 0x0000000100000000)
  eden space 382976K, 0% used [0x00000000d5c00000,0x00000000d5c00000,0x00000000ed200000)
  from space 141824K, 72% used [0x00000000f6e80000,0x00000000fd24b290,0x00000000ff900000)
  to   space 154624K, 0% used [0x00000000ed200000,0x00000000ed200000,0x00000000f6900000)
 ParOldGen       total 989184K, used 980020K [0x0000000081400000, 0x00000000bda00000, 0x00000000d5c00000)
  object space 989184K, 99% used [0x0000000081400000,0x00000000bd10d3a8,0x00000000bda00000)
 Metaspace       used 16123K, capacity 16338K, committed 16640K, reserved 1064960K
  class space    used 1888K, capacity 1963K, committed 2048K, reserved 1048576K
Event: 13.904 GC heap after
Heap after GC invocations=32 (full 8):
 PSYoungGen      total 524800K, used 87654K [0x00000000d5c00000, 0x0000000100000000, 0x0000000100000000)
  eden space 382976K, 0% used [0x00000000d5c00000,0x00000000d5c00000,0x00000000ed200000)
  from space 141824K, 61% used [0x00000000f6e80000,0x00000000fc419930,0x00000000ff900000)
  to   space 154624K, 0% used [0x00000000ed200000,0x00000000ed200000,0x00000000f6900000)
 ParOldGen       total 1238528K, used 981290K [0x0000000081400000, 0x00000000ccd80000, 0x00000000d5c00000)
  object space 1238528K, 79% used [0x0000000081400000,0x00000000bd24ab68,0x00000000ccd80000)
 Metaspace       used 16123K, capacity 16338K, committed 16640K, reserved 1064960K
  class space    used 1888K, capacity 1963K, committed 2048K, reserved 1048576K
}

Deoptimization events (10 events):
Event: 10.752 Thread 0x000000005b1aa800 Uncommon trap: reason=bimorphic action=maybe_recompile pc=0x0000000002bfc198 method=java.util.HashMap.getNode(ILjava/lang/Object;)Ljava/util/HashMap$Node; @ 126
Event: 10.855 Thread 0x000000005b5fd800 Uncommon trap: reason=null_check action=make_not_entrant pc=0x0000000002c19420 method=java.lang.StringCoding.deref(Ljava/lang/ThreadLocal;)Ljava/lang/Object; @ 4
Event: 10.988 Thread 0x000000005b1aa800 Uncommon trap: reason=unstable_if action=reinterpret pc=0x0000000002ae5f88 method=graphic.MarchingCubes.indexCube(Lalgebra/Grid;D)I @ 26
Event: 10.988 Thread 0x000000005b1aa800 Uncommon trap: reason=unstable_if action=reinterpret pc=0x0000000002addf80 method=graphic.MarchingCubes.intersectionList(ILalgebra/Grid;D)[Lalgebra/XYZ; @ 14
Event: 10.988 Thread 0x000000005b1aa800 Uncommon trap: reason=unstable_if action=reinterpret pc=0x0000000002af9c60 method=graphic.MarchingCubes.indexCube(Lalgebra/Grid;D)I @ 26
Event: 12.483 Thread 0x000000005b1aa800 Uncommon trap: reason=unstable_if action=reinterpret pc=0x0000000002ca75d4 method=algebra.Triangle.drawTriangles(Ljavax/media/j3d/BranchGroup;Ljava/util/ArrayList;)V @ 74
Event: 12.525 Thread 0x000000005b1aa800 Uncommon trap: reason=unstable_if action=reinterpret pc=0x0000000002cd573c method=javax.media.j3d.GeometryStripArrayRetained.setStripVertexCounts([I)V @ 14
Event: 12.543 Thread 0x000000005b1aa800 Uncommon trap: reason=unstable_if action=reinterpret pc=0x0000000002cd3ad0 method=javax.media.j3d.GeometryStripArrayRetained.setStripVertexCounts([I)V @ 582
Event: 13.934 Thread 0x000000005b1aa800 Uncommon trap: reason=unstable_if action=reinterpret pc=0x0000000002cda15c method=algebra.Triangle.drawTriangles(Ljavax/media/j3d/BranchGroup;Ljava/util/ArrayList;)V @ 309
Event: 13.980 Thread 0x000000005b1aa800 Uncommon trap: reason=unstable_if action=reinterpret pc=0x0000000002cd9640 method=javax.media.j3d.GeometryArrayRetained.setCoordinates(I[Ljavax/vecmath/Point3f;)V @ 72

Internal exceptions (10 events):
Event: 0.088 Thread 0x000000000236e800 Exception <a 'java/security/PrivilegedActionException'> (0x00000000d5c88f90) thrown at [D:\re\workspace\8-2-build-windows-amd64-cygwin\jdk8u92\6642\hotspot\src\share\vm\prims\jvm.cpp, line 1386]
Event: 0.088 Thread 0x000000000236e800 Exception <a 'java/security/PrivilegedActionException'> (0x00000000d5c891a0) thrown at [D:\re\workspace\8-2-build-windows-amd64-cygwin\jdk8u92\6642\hotspot\src\share\vm\prims\jvm.cpp, line 1386]
Event: 0.088 Thread 0x000000000236e800 Exception <a 'java/security/PrivilegedActionException'> (0x00000000d5c8cd48) thrown at [D:\re\workspace\8-2-build-windows-amd64-cygwin\jdk8u92\6642\hotspot\src\share\vm\prims\jvm.cpp, line 1386]
Event: 0.088 Thread 0x000000000236e800 Exception <a 'java/security/PrivilegedActionException'> (0x00000000d5c8cf58) thrown at [D:\re\workspace\8-2-build-windows-amd64-cygwin\jdk8u92\6642\hotspot\src\share\vm\prims\jvm.cpp, line 1386]
Event: 0.091 Thread 0x000000000236e800 Exception <a 'java/io/FileNotFoundException'> (0x00000000d5c8fdd8) thrown at [D:\re\workspace\8-2-build-windows-amd64-cygwin\jdk8u92\6642\hotspot\src\share\vm\prims\jni.cpp, line 709]
Event: 0.119 Thread 0x000000000236e800 Exception <a 'java/lang/NoSuchFieldError': method resolution failed> (0x00000000d5e03cc0) thrown at [D:\re\workspace\8-2-build-windows-amd64-cygwin\jdk8u92\6642\hotspot\src\share\vm\prims\methodHandles.cpp, line 1146]
Event: 0.120 Thread 0x000000000236e800 Exception <a 'java/lang/NoSuchFieldError': method resolution failed> (0x00000000d5e11090) thrown at [D:\re\workspace\8-2-build-windows-amd64-cygwin\jdk8u92\6642\hotspot\src\share\vm\prims\methodHandles.cpp, line 1146]
Event: 0.149 Thread 0x000000000236e800 Exception <a 'java/io/FileNotFoundException'> (0x00000000d5ea5f88) thrown at [D:\re\workspace\8-2-build-windows-amd64-cygwin\jdk8u92\6642\hotspot\src\share\vm\prims\jni.cpp, line 709]
Event: 0.170 Thread 0x000000000236e800 Implicit null exception at 0x0000000002978a12 to 0x0000000002978bd9
Event: 10.854 Thread 0x000000005b5fd800 Implicit null exception at 0x0000000002c18e1f to 0x0000000002c19405

Events (10 events):
Event: 14.098 loading class javax/media/j3d/NativeContext
Event: 14.098 loading class javax/media/j3d/NativeContext done
Event: 14.099 Executing VM operation: RevokeBias
Event: 14.100 Executing VM operation: RevokeBias done
Event: 14.100 Executing VM operation: RevokeBias
Event: 14.100 Executing VM operation: RevokeBias done
Event: 14.171 Thread 0x0000000058d46800 flushing nmethod 0x0000000002a65d10
Event: 14.171 Thread 0x0000000058d46800 flushing nmethod 0x0000000002a7ebd0
Event: 14.171 Thread 0x0000000058d46800 flushing nmethod 0x0000000002a81390
Event: 14.172 Thread 0x0000000058d46800 flushing nmethod 0x0000000002ab2610


Dynamic libraries:
0x000000013f4b0000 - 0x000000013f4e7000 	C:\Program Files\Java\jre1.8.0_92\bin\javaw.exe
0x0000000077400000 - 0x00000000775ab000 	C:\Windows\SYSTEM32\ntdll.dll
0x00000000771e0000 - 0x00000000772ff000 	C:\Windows\system32\kernel32.dll
0x000007fefd360000 - 0x000007fefd3ca000 	C:\Windows\system32\KERNELBASE.dll
0x000007fefd540000 - 0x000007fefd61b000 	C:\Windows\system32\ADVAPI32.dll
0x000007fefd620000 - 0x000007fefd6bf000 	C:\Windows\system32\msvcrt.dll
0x000007fefd500000 - 0x000007fefd51f000 	C:\Windows\SYSTEM32\sechost.dll
0x000007fefd730000 - 0x000007fefd85d000 	C:\Windows\system32\RPCRT4.dll
0x0000000077300000 - 0x00000000773fa000 	C:\Windows\system32\USER32.dll
0x000007fefd6c0000 - 0x000007fefd727000 	C:\Windows\system32\GDI32.dll
0x000007fefde40000 - 0x000007fefde4e000 	C:\Windows\system32\LPK.dll
0x000007fefe060000 - 0x000007fefe12a000 	C:\Windows\system32\USP10.dll
0x000007fefb780000 - 0x000007fefb974000 	C:\Windows\WinSxS\amd64_microsoft.windows.common-controls_6595b64144ccf1df_6.0.7601.18837_none_fa3b1e3d17594757\COMCTL32.dll
0x000007fefdac0000 - 0x000007fefdb31000 	C:\Windows\system32\SHLWAPI.dll
0x000007fefe950000 - 0x000007fefe97e000 	C:\Windows\system32\IMM32.DLL
0x000007fefdb40000 - 0x000007fefdc49000 	C:\Windows\system32\MSCTF.dll
0x000007fefd070000 - 0x000007fefd0a2000 	C:\Windows\system32\nvinitx.dll
0x000007fefd060000 - 0x000007fefd06c000 	C:\Windows\system32\VERSION.dll
0x00000000748e0000 - 0x00000000748e6000 	C:\Program Files\NVIDIA Corporation\CoProcManager\detoured.dll
0x000007fefa640000 - 0x000007fefa678000 	C:\Program Files\NVIDIA Corporation\CoProcManager\nvd3d9wrapx.dll
0x000007fefd8e0000 - 0x000007fefdab7000 	C:\Windows\system32\SETUPAPI.dll
0x000007fefd480000 - 0x000007fefd4b6000 	C:\Windows\system32\CFGMGR32.dll
0x000007fefe540000 - 0x000007fefe618000 	C:\Windows\system32\OLEAUT32.dll
0x000007fefde50000 - 0x000007fefe053000 	C:\Windows\system32\ole32.dll
0x000007fefd190000 - 0x000007fefd1aa000 	C:\Windows\system32\DEVOBJ.dll
0x000007fefa610000 - 0x000007fefa634000 	C:\Program Files\NVIDIA Corporation\CoProcManager\nvdxgiwrapx.dll
0x0000000061d40000 - 0x0000000061e12000 	C:\Program Files\Java\jre1.8.0_92\bin\msvcr100.dll
0x00000000641a0000 - 0x0000000064a36000 	C:\Program Files\Java\jre1.8.0_92\bin\server\jvm.dll
0x000007fef6a90000 - 0x000007fef6a99000 	C:\Windows\system32\WSOCK32.dll
0x000007fefddf0000 - 0x000007fefde3d000 	C:\Windows\system32\WS2_32.dll
0x000007fefdc50000 - 0x000007fefdc58000 	C:\Windows\system32\NSI.dll
0x000007fefa990000 - 0x000007fefa9cb000 	C:\Windows\system32\WINMM.dll
0x00000000775c0000 - 0x00000000775c7000 	C:\Windows\system32\PSAPI.DLL
0x000000006f560000 - 0x000000006f56f000 	C:\Program Files\Java\jre1.8.0_92\bin\verify.dll
0x000000006f270000 - 0x000000006f299000 	C:\Program Files\Java\jre1.8.0_92\bin\java.dll
0x000000006eb30000 - 0x000000006eb46000 	C:\Program Files\Java\jre1.8.0_92\bin\zip.dll
0x000007fefe980000 - 0x000007feff70c000 	C:\Windows\system32\SHELL32.dll
0x000007fefd150000 - 0x000007fefd15f000 	C:\Windows\system32\profapi.dll
0x000000005af00000 - 0x000000005b098000 	C:\Program Files\Java\jre1.8.0_92\bin\awt.dll
0x000007fefb2f0000 - 0x000007fefb308000 	C:\Windows\system32\DWMAPI.DLL
0x000007fefb6d0000 - 0x000007fefb726000 	C:\Windows\system32\uxtheme.dll
0x000007fefcf90000 - 0x000007fefcf9f000 	C:\Windows\system32\CRYPTBASE.dll
0x0000000066c30000 - 0x0000000066c77000 	C:\Program Files\Java\jre1.8.0_92\bin\fontmanager.dll
0x000000006d9d0000 - 0x000000006d9ea000 	C:\Program Files\Java\jre1.8.0_92\bin\net.dll
0x000007fefc8d0000 - 0x000007fefc925000 	C:\Windows\system32\mswsock.dll
0x000007fefc8c0000 - 0x000007fefc8c7000 	C:\Windows\System32\wship6.dll
0x000000006d9b0000 - 0x000000006d9c1000 	C:\Program Files\Java\jre1.8.0_92\bin\nio.dll
0x000000006c9e0000 - 0x000000006ca22000 	C:\Program Files\Java\jre1.8.0_92\bin\t2k.dll
0x000007fefe4a0000 - 0x000007fefe539000 	C:\Windows\system32\CLBCatQ.DLL
0x000007fefb070000 - 0x000007fefb1d1000 	C:\Windows\system32\WindowsCodecs.dll
0x000007fefcf30000 - 0x000007fefcf87000 	C:\Windows\system32\apphelp.dll
0x000000006f090000 - 0x000000006f18c000 	C:\Program Files\AVAST Software\Avast\ashShA64.dll
0x000007fefb4b0000 - 0x000007fefb6c6000 	C:\Windows\WinSxS\amd64_microsoft.windows.gdiplus_6595b64144ccf1df_1.1.7601.23407_none_14556c1e8b95d0b8\gdiplus.dll
0x000007fefc350000 - 0x000007fefc361000 	C:\Windows\system32\WTSAPI32.dll
0x000007fefd1c0000 - 0x000007fefd32d000 	C:\Windows\system32\CRYPT32.dll
0x000007fefd140000 - 0x000007fefd14f000 	C:\Windows\system32\MSASN1.dll
0x000007fef4b70000 - 0x000007fef4b73000 	C:\Windows\system32\api-ms-win-core-synch-l1-2-0.DLL
0x000007fef4850000 - 0x000007fef4b6e000 	C:\Windows\system32\msi.dll
0x000007fef4810000 - 0x000007fef4845000 	C:\Windows\system32\EhStorShell.dll
0x000007fefbbf0000 - 0x000007fefbd1c000 	C:\Windows\system32\PROPSYS.dll
0x000007fef4790000 - 0x000007fef480e000 	C:\Windows\System32\cscui.dll
0x000007fef4740000 - 0x000007fef474c000 	C:\Windows\System32\CSCDLL.dll
0x000007fef4730000 - 0x000007fef473f000 	C:\Windows\system32\CSCAPI.dll
0x000007fef46b0000 - 0x000007fef4730000 	C:\Windows\system32\ntshrui.dll
0x000007fefcca0000 - 0x000007fefccc3000 	C:\Windows\system32\srvcli.dll
0x000007fefa9f0000 - 0x000007fefa9fb000 	C:\Windows\system32\slc.dll
0x00000000744c0000 - 0x00000000744c7000 	C:\Program Files\Java\jre1.8.0_92\bin\jawt.dll
0x0000000012840000 - 0x000000001287e000 	C:\Program Files\Java\Java3D\1.5.2\bin\j3dcore-ogl.dll
0x000007fedc3f0000 - 0x000007fedc50d000 	C:\Windows\system32\OPENGL32.dll
0x000007fedc7f0000 - 0x000007fedc81d000 	C:\Windows\system32\GLU32.dll
0x000007feefd80000 - 0x000007feefe71000 	C:\Windows\system32\DDRAW.dll
0x000007fefb220000 - 0x000007fefb228000 	C:\Windows\system32\DCIMAN32.dll
0x000007fefd4c0000 - 0x000007fefd4fb000 	C:\Windows\system32\WINTRUST.dll
0x000007fed3fe0000 - 0x000007fed4ccc000 	C:\Windows\system32\ig8icd64.dll
0x000007fef2940000 - 0x000007fef3366000 	C:\Windows\system32\igdusc64.dll
0x000007fef57e0000 - 0x000007fef5905000 	C:\Windows\system32\dbghelp.dll

VM Arguments:
jvm_args: -Dfile.encoding=Cp1252 
java_command: Main
java_class_path (initial): C:\Users\maxime\workspace\3D Modelizer\bin;C:\Program Files\Java\Java3D\1.5.2\lib\ext\j3dcore.jar;C:\Program Files\Java\Java3D\1.5.2\lib\ext\j3dutils.jar;C:\Program Files\Java\Java3D\1.5.2\lib\ext\vecmath.jar;C:\Users\maxime\Documents\Mon Travail\eclipse-java-mars-2-win32-x86_64\eclipse\dropins\plugins\ij.jar;C:\Users\maxime\Documents\Mon Travail\eclipse-java-mars-2-win32-x86_64\eclipse\dropins\plugins\jai_core-1.1.3.jar;C:\Users\maxime\Documents\Mon Travail\eclipse-java-mars-2-win32-x86_64\eclipse\dropins\plugins\jai_windows-i586.jar
Launcher Type: SUN_STANDARD

Environment Variables:
PATH=C:/Program Files/Java/jre1.8.0_92/bin/server;C:/Program Files/Java/jre1.8.0_92/bin;C:/Program Files/Java/jre1.8.0_92/lib/amd64;C:\ProgramData\Oracle\Java\javapath;C:\Program Files (x86)\Intel\iCLS Client\;C:\Program Files\Intel\iCLS Client\;C:\Windows\system32;C:\Windows;C:\Windows\System32\Wbem;C:\Windows\System32\WindowsPowerShell\v1.0\;C:\Program Files\Intel\Intel(R) Management Engine Components\DAL;C:\Program Files (x86)\Intel\Intel(R) Management Engine Components\DAL;C:\Program Files\Intel\Intel(R) Management Engine Components\IPT;C:\Program Files (x86)\Intel\Intel(R) Management Engine Components\IPT;C:\Program Files\Intel\WiFi\bin\;C:\Program Files\Common Files\Intel\WirelessCommon\;C:\Program Files (x86)\NVIDIA Corporation\PhysX\Common;C:\Program Files (x86)\Skype\Phone\;C:\Program Files\MATLAB\MATLAB Production Server\R2015a\runtime\win64;C:\Program Files\MATLAB\MATLAB Production Server\R2015a\bin;C:\Program Files\MATLAB\MATLAB Production Server\R2015a\polyspace\bin;C:\Program Files\MiKTeX 2.9\miktex\bin\x64\;C:\Program Files (x86)\GtkSharp\2.12\bin;C:\Program Files\Intel\WiFi\bin\;C:\Program Files\Common Files\Intel\WirelessCommon\;C:\Program Files\Java\jdk1.8.0_92\bin;C:\Program Files\WinCaml5\caml-light\bin;C:\Program Files\Java\Java3D\1.5.2\bin;C:\Users\maxime\Documents\Mon Travail\eclipse-java-mars-2-win32-x86_64\eclipse;
USERNAME=maxime
OS=Windows_NT
PROCESSOR_IDENTIFIER=Intel64 Family 6 Model 71 Stepping 1, GenuineIntel



---------------  S Y S T E M  ---------------

OS: Windows 7 , 64 bit Build 7601 (6.1.7601.23455)

CPU:total 8 (4 cores per cpu, 2 threads per core) family 6 model 71 stepping 1, cmov, cx8, fxsr, mmx, sse, sse2, sse3, ssse3, sse4.1, sse4.2, popcnt, avx, avx2, aes, clmul, erms, 3dnowpref, lzcnt, ht, tsc, tscinvbit, bmi1, bmi2, adx

Memory: 4k page, physical 8301280k(1672880k free), swap 16600700k(8720052k free)

vm_info: Java HotSpot(TM) 64-Bit Server VM (25.92-b14) for windows-amd64 JRE (1.8.0_92-b14), built on Mar 31 2016 21:03:04 by "java_re" with MS VC++ 10.0 (VS2010)

time: Wed Jul 27 14:53:01 2016
elapsed time: 14 seconds (0d 0h 0m 14s)

